Using pre-set license
Built from '2021.3/staging' branch; Version is '2021.3.18f1 (3129e69bc0c7) revision 3221990'; Using compiler version '192829333'; Build Type 'Release'
OS: 'Windows 10  (10.0.19045) 64bit Professional' Language: 'ru' Physical Memory: 16254 MB
BatchMode: 1, IsHumanControllingUs: 0, StartBugReporterOnCrash: 0, Is64bit: 1, IsPro: 1

COMMAND LINE ARGUMENTS:
C:\Program Files\Unity\Hub\Editor\2021.3.18f1\Editor\Unity.exe
-adb2
-batchMode
-noUpm
-name
AssetImportWorker0
-projectPath
C:/Users/Mikhail/Desktop/Unity/Sci-Fi-Shooter-2/Sci-Fi-Shooter-2
-logFile
Logs/AssetImportWorker0.log
-srvPort
65001
Successfully changed project path to: C:/Users/Mikhail/Desktop/Unity/Sci-Fi-Shooter-2/Sci-Fi-Shooter-2
C:/Users/Mikhail/Desktop/Unity/Sci-Fi-Shooter-2/Sci-Fi-Shooter-2
[UnityMemory] Configuration Parameters - Can be set up in boot.config
    "memorysetup-bucket-allocator-granularity=16"
    "memorysetup-bucket-allocator-bucket-count=8"
    "memorysetup-bucket-allocator-block-size=33554432"
    "memorysetup-bucket-allocator-block-count=8"
    "memorysetup-main-allocator-block-size=16777216"
    "memorysetup-thread-allocator-block-size=16777216"
    "memorysetup-gfx-main-allocator-block-size=16777216"
    "memorysetup-gfx-thread-allocator-block-size=16777216"
    "memorysetup-cache-allocator-block-size=4194304"
    "memorysetup-typetree-allocator-block-size=2097152"
    "memorysetup-profiler-bucket-allocator-granularity=16"
    "memorysetup-profiler-bucket-allocator-bucket-count=8"
    "memorysetup-profiler-bucket-allocator-block-size=33554432"
    "memorysetup-profiler-bucket-allocator-block-count=8"
    "memorysetup-profiler-allocator-block-size=16777216"
    "memorysetup-profiler-editor-allocator-block-size=1048576"
    "memorysetup-temp-allocator-size-main=16777216"
    "memorysetup-job-temp-allocator-block-size=2097152"
    "memorysetup-job-temp-allocator-block-size-background=1048576"
    "memorysetup-job-temp-allocator-reduction-small-platforms=262144"
    "memorysetup-temp-allocator-size-background-worker=32768"
    "memorysetup-temp-allocator-size-job-worker=262144"
    "memorysetup-temp-allocator-size-preload-manager=33554432"
    "memorysetup-temp-allocator-size-nav-mesh-worker=65536"
    "memorysetup-temp-allocator-size-audio-worker=65536"
    "memorysetup-temp-allocator-size-cloud-worker=32768"
    "memorysetup-temp-allocator-size-gi-baking-worker=262144"
    "memorysetup-temp-allocator-size-gfx=262144"
Player connection [13460] Host "[IP] 192.168.1.7 [Port] 0 [Flags] 2 [Guid] 1261418594 [EditorId] 1261418594 [Version] 1048832 [Id] WindowsEditor(7,DESKTOP-QCT10TA) [Debug] 1 [PackageName] WindowsEditor [ProjectName] Editor" joined multi-casting on [225.0.0.222:54997]...

Player connection [13460] Host "[IP] 192.168.1.7 [Port] 0 [Flags] 2 [Guid] 1261418594 [EditorId] 1261418594 [Version] 1048832 [Id] WindowsEditor(7,DESKTOP-QCT10TA) [Debug] 1 [PackageName] WindowsEditor [ProjectName] Editor" joined alternative multi-casting on [225.0.0.222:34997]...

Refreshing native plugins compatible for Editor in 235.76 ms, found 3 plugins.
Preloading 0 native plugins for Editor in 0.00 ms.
Initialize engine version: 2021.3.18f1 (3129e69bc0c7)
[Subsystems] Discovering subsystems at path C:/Program Files/Unity/Hub/Editor/2021.3.18f1/Editor/Data/Resources/UnitySubsystems
[Subsystems] Discovering subsystems at path C:/Users/Mikhail/Desktop/Unity/Sci-Fi-Shooter-2/Sci-Fi-Shooter-2/Assets
GfxDevice: creating device client; threaded=0; jobified=0
Direct3D:
    Version:  Direct3D 11.0 [level 11.1]
    Renderer: NVIDIA GeForce GTX 1650 (ID=0x1f82)
    Vendor:   NVIDIA
    VRAM:     3962 MB
    Driver:   31.0.15.1694
Initialize mono
Mono path[0] = 'C:/Program Files/Unity/Hub/Editor/2021.3.18f1/Editor/Data/Managed'
Mono path[1] = 'C:/Program Files/Unity/Hub/Editor/2021.3.18f1/Editor/Data/MonoBleedingEdge/lib/mono/unityjit-win32'
Mono config path = 'C:/Program Files/Unity/Hub/Editor/2021.3.18f1/Editor/Data/MonoBleedingEdge/etc'
Using monoOptions --debugger-agent=transport=dt_socket,embedding=1,server=y,suspend=n,address=127.0.0.1:56444
Begin MonoManager ReloadAssembly
Registering precompiled unity dll's ...
Register platform support module: C:/Program Files/Unity/Hub/Editor/2021.3.18f1/Editor/Data/PlaybackEngines/WebGLSupport/UnityEditor.WebGL.Extensions.dll
Register platform support module: C:/Program Files/Unity/Hub/Editor/2021.3.18f1/Editor/Data/PlaybackEngines/WindowsStandaloneSupport/UnityEditor.WindowsStandalone.Extensions.dll
Registered in 0.007132 seconds.
Native extension for WindowsStandalone target not found
Native extension for WebGL target not found
Refreshing native plugins compatible for Editor in 235.09 ms, found 3 plugins.
Preloading 0 native plugins for Editor in 0.00 ms.
Mono: successfully reloaded assembly
- Completed reload, in  0.774 seconds
Domain Reload Profiling:
	ReloadAssembly (775ms)
		BeginReloadAssembly (68ms)
			ExecutionOrderSort (0ms)
			DisableScriptedObjects (0ms)
			BackupInstance (0ms)
			ReleaseScriptingObjects (0ms)
			CreateAndSetChildDomain (1ms)
		EndReloadAssembly (597ms)
			LoadAssemblies (65ms)
			RebuildTransferFunctionScriptingTraits (0ms)
			SetupTypeCache (111ms)
			ReleaseScriptCaches (0ms)
			RebuildScriptCaches (26ms)
			SetupLoadedEditorAssemblies (406ms)
				LogAssemblyErrors (0ms)
				InitializePlatformSupportModulesInManaged (9ms)
				SetLoadedEditorAssemblies (0ms)
				RefreshPlugins (235ms)
				BeforeProcessingInitializeOnLoad (1ms)
				ProcessInitializeOnLoadAttributes (117ms)
				ProcessInitializeOnLoadMethodAttributes (43ms)
				AfterProcessingInitializeOnLoad (0ms)
				EditorAssembliesLoaded (0ms)
			ExecutionOrderSort2 (0ms)
			AwakeInstancesAfterBackupRestoration (0ms)
Platform modules already initialized, skipping
Registering precompiled user dll's ...
Registered in 0.008387 seconds.
Begin MonoManager ReloadAssembly
Symbol file LoadedFromMemory doesn't match image C:\Users\Mikhail\Desktop\Unity\Sci-Fi-Shooter-2\Sci-Fi-Shooter-2\Library\PackageCache\com.unity.visualscripting@1.8.0\Editor\VisualScripting.Core\Dependencies\YamlDotNet\Unity.VisualScripting.YamlDotNet.dll
Symbol file LoadedFromMemory doesn't match image C:\Users\Mikhail\Desktop\Unity\Sci-Fi-Shooter-2\Sci-Fi-Shooter-2\Library\PackageCache\com.unity.visualscripting@1.8.0\Editor\VisualScripting.Core\Dependencies\DotNetZip\Unity.VisualScripting.IonicZip.dll
Native extension for WindowsStandalone target not found
Native extension for WebGL target not found
Refreshing native plugins compatible for Editor in 217.92 ms, found 3 plugins.
Preloading 0 native plugins for Editor in 0.00 ms.
Mono: successfully reloaded assembly
- Completed reload, in  1.460 seconds
Domain Reload Profiling:
	ReloadAssembly (1461ms)
		BeginReloadAssembly (104ms)
			ExecutionOrderSort (0ms)
			DisableScriptedObjects (5ms)
			BackupInstance (0ms)
			ReleaseScriptingObjects (0ms)
			CreateAndSetChildDomain (18ms)
		EndReloadAssembly (1244ms)
			LoadAssemblies (83ms)
			RebuildTransferFunctionScriptingTraits (0ms)
			SetupTypeCache (297ms)
			ReleaseScriptCaches (1ms)
			RebuildScriptCaches (57ms)
			SetupLoadedEditorAssemblies (763ms)
				LogAssemblyErrors (0ms)
				InitializePlatformSupportModulesInManaged (6ms)
				SetLoadedEditorAssemblies (0ms)
				RefreshPlugins (218ms)
				BeforeProcessingInitializeOnLoad (112ms)
				ProcessInitializeOnLoadAttributes (312ms)
				ProcessInitializeOnLoadMethodAttributes (107ms)
				AfterProcessingInitializeOnLoad (7ms)
				EditorAssembliesLoaded (0ms)
			ExecutionOrderSort2 (0ms)
			AwakeInstancesAfterBackupRestoration (5ms)
Platform modules already initialized, skipping
========================================================================
Worker process is ready to serve import requests
Launched and connected shader compiler UnityShaderCompiler.exe after 0.03 seconds
Refreshing native plugins compatible for Editor in 1.97 ms, found 3 plugins.
Preloading 0 native plugins for Editor in 0.00 ms.
Unloading 4813 Unused Serialized files (Serialized files now loaded: 0)
Unloading 39 unused Assets / (30.2 KB). Loaded Objects now: 5296.
Memory consumption went from 267.9 MB to 267.8 MB.
Total: 3.960400 ms (FindLiveObjects: 0.335800 ms CreateObjectMapping: 0.182900 ms MarkObjects: 3.418800 ms  DeleteObjects: 0.022200 ms)

AssetImportParameters requested are different than current active one (requested -> active):
  custom:video-decoder-ogg-theora: a1e56fd34408186e4bbccfd4996cb3dc -> 
  custom:container-muxer-webm: aa71ff27fc2769a1b78a27578f13a17b -> 
  custom:container-demuxer-webm: 4f35f7cbe854078d1ac9338744f61a02 -> 
  custom:video-encoder-webm-vp8: eb34c28f22e8b96e1ab97ce403110664 -> 
  custom:audio-encoder-webm-vorbis: bf7c407c2cedff20999df2af8eb42d56 -> 
  custom:framework-win-MediaFoundation: 216162199b28c13a410421893ffa2e32 -> 
  custom:container-demuxer-ogg: 62fdf1f143b41e24485cea50d1cbac27 -> 
  custom:video-decoder-webm-vp8: 9c59270c3fd7afecdb556c50c9e8de78 -> 
  custom:audio-decoder-ogg-vorbis: bf7c407c2cedff20999df2af8eb42d56 -> 
========================================================================
Received Import Request.
  Time since last request: 1529719.967247 seconds.
  path: Assets/Infima Games/Low Poly Shooter Pack/Art/Textures/Effects/T_Rain_Drop_D.png
  artifactKey: Guid(f59a44cc8dc3aff4fb68a5f0f5da9e1b) Importer(815301076,1909f56bfc062723c751e8b465ee728b)
Start importing Assets/Infima Games/Low Poly Shooter Pack/Art/Textures/Effects/T_Rain_Drop_D.png using Guid(f59a44cc8dc3aff4fb68a5f0f5da9e1b) Importer(815301076,1909f56bfc062723c751e8b465ee728b)  -> (artifact id: '3b69b68e277d2b78ecdae0b824424f4e') in 0.061999 seconds 
========================================================================
Received Import Request.
  Time since last request: 0.000015 seconds.
  path: Assets/Infima Games/Low Poly Shooter Pack/Art/Textures/Effects/T_Sparks_D.png
  artifactKey: Guid(e0ed79ffbec3d7e4eb26bafbbfd4a322) Importer(815301076,1909f56bfc062723c751e8b465ee728b)
Start importing Assets/Infima Games/Low Poly Shooter Pack/Art/Textures/Effects/T_Sparks_D.png using Guid(e0ed79ffbec3d7e4eb26bafbbfd4a322) Importer(815301076,1909f56bfc062723c751e8b465ee728b)  -> (artifact id: '3c93c0319e44c4e84b3b570f3d4b35cb') in 0.011371 seconds 
========================================================================
Received Import Request.
  Time since last request: 0.000014 seconds.
  path: Assets/Infima Games/Low Poly Shooter Pack/Art/Textures/Effects/T_Smoke_01_D.png
  artifactKey: Guid(674087750461e8b488460fee85c245aa) Importer(815301076,1909f56bfc062723c751e8b465ee728b)
Start importing Assets/Infima Games/Low Poly Shooter Pack/Art/Textures/Effects/T_Smoke_01_D.png using Guid(674087750461e8b488460fee85c245aa) Importer(815301076,1909f56bfc062723c751e8b465ee728b)  -> (artifact id: '4d1d660ef08ef50218cf2e7b231b877f') in 0.010879 seconds 
========================================================================
Received Import Request.
  Time since last request: 0.000014 seconds.
  path: Assets/Infima Games/Low Poly Shooter Pack/Art/Textures/Effects/T_Shockwave_D.png
  artifactKey: Guid(1698f4d0a719bd6489d1129895b81235) Importer(815301076,1909f56bfc062723c751e8b465ee728b)
Start importing Assets/Infima Games/Low Poly Shooter Pack/Art/Textures/Effects/T_Shockwave_D.png using Guid(1698f4d0a719bd6489d1129895b81235) Importer(815301076,1909f56bfc062723c751e8b465ee728b)  -> (artifact id: 'edf7620a0709ba6010db1fbcb7841c67') in 0.010429 seconds 
========================================================================
Received Import Request.
  Time since last request: 0.000016 seconds.
  path: Assets/Infima Games/Low Poly Shooter Pack/Art/Textures/Effects/T_Smoke_02_D.png
  artifactKey: Guid(ba33e6e7aba5ef84f8d63f47ddb6a82a) Importer(815301076,1909f56bfc062723c751e8b465ee728b)
Start importing Assets/Infima Games/Low Poly Shooter Pack/Art/Textures/Effects/T_Smoke_02_D.png using Guid(ba33e6e7aba5ef84f8d63f47ddb6a82a) Importer(815301076,1909f56bfc062723c751e8b465ee728b)  -> (artifact id: '16997b5ffd521bf3a6611bf77a9ee5b4') in 0.016213 seconds 
========================================================================
Received Import Request.
  Time since last request: 0.000015 seconds.
  path: Assets/Infima Games/Low Poly Shooter Pack/Art/Textures/Effects/T_Snow_D.png
  artifactKey: Guid(53493c3050997db4293f2c04562b930f) Importer(815301076,1909f56bfc062723c751e8b465ee728b)
Start importing Assets/Infima Games/Low Poly Shooter Pack/Art/Textures/Effects/T_Snow_D.png using Guid(53493c3050997db4293f2c04562b930f) Importer(815301076,1909f56bfc062723c751e8b465ee728b)  -> (artifact id: '9dfbbfddcaf75bdf5c3e755009f2addd') in 0.010478 seconds 
========================================================================
Received Import Request.
  Time since last request: 0.000015 seconds.
  path: Assets/Infima Games/Low Poly Shooter Pack/Art/Textures/Effects/T_MuzzleFlash_D.png
  artifactKey: Guid(485ca161da43e314bb4e46c394437d12) Importer(815301076,1909f56bfc062723c751e8b465ee728b)
Start importing Assets/Infima Games/Low Poly Shooter Pack/Art/Textures/Effects/T_MuzzleFlash_D.png using Guid(485ca161da43e314bb4e46c394437d12) Importer(815301076,1909f56bfc062723c751e8b465ee728b)  -> (artifact id: '9db7324eca0c528f1938fef8c606e08e') in 0.011103 seconds 
========================================================================
Received Import Request.
  Time since last request: 116.650083 seconds.
  path: Assets/Menu/Shop/Prefabs/P_LPSP_WEP_Handgun_02 Variant.prefab
  artifactKey: Guid(882172a4460645d44bbd477adac700f5) Importer(815301076,1909f56bfc062723c751e8b465ee728b)
Start importing Assets/Menu/Shop/Prefabs/P_LPSP_WEP_Handgun_02 Variant.prefab using Guid(882172a4460645d44bbd477adac700f5) Importer(815301076,1909f56bfc062723c751e8b465ee728b)  -> (artifact id: '1a09879118595b5c84538e4e04661409') in 2.794775 seconds 
========================================================================
Received Import Request.
  Time since last request: 0.000020 seconds.
  path: Assets/PolygonSciFiSpace/Prefabs/FX/FX_Fire_02.prefab
  artifactKey: Guid(4157b899cc0f3ae4baf5bb5413504013) Importer(815301076,1909f56bfc062723c751e8b465ee728b)
Start importing Assets/PolygonSciFiSpace/Prefabs/FX/FX_Fire_02.prefab using Guid(4157b899cc0f3ae4baf5bb5413504013) Importer(815301076,1909f56bfc062723c751e8b465ee728b)  -> (artifact id: 'f8dc5d9fa83f41b3f36b920898b3b197') in 0.020191 seconds 
========================================================================
Received Import Request.
  Time since last request: 0.000022 seconds.
  path: Assets/POLYGON-LiteHalloweenPack/Prefs/Guillotine.prefab
  artifactKey: Guid(779dd75a578edfb48bd0d741a50ad333) Importer(815301076,1909f56bfc062723c751e8b465ee728b)
Start importing Assets/POLYGON-LiteHalloweenPack/Prefs/Guillotine.prefab using Guid(779dd75a578edfb48bd0d741a50ad333) Importer(815301076,1909f56bfc062723c751e8b465ee728b)  -> (artifact id: '7eedfc923e8b9a0a1fd0e7dc58fa0dad') in 0.027512 seconds 
========================================================================
Received Import Request.
  Time since last request: 0.000019 seconds.
  path: Assets/PolygonSciFiSpace/Prefabs/FX/FX_Astroid_Field.prefab
  artifactKey: Guid(4df87d5522e7b174d90e60cedc32ef7a) Importer(815301076,1909f56bfc062723c751e8b465ee728b)
Start importing Assets/PolygonSciFiSpace/Prefabs/FX/FX_Astroid_Field.prefab using Guid(4df87d5522e7b174d90e60cedc32ef7a) Importer(815301076,1909f56bfc062723c751e8b465ee728b)  -> (artifact id: 'b11d9f144aae17a5db333b12568db930') in 0.024771 seconds 
========================================================================
Received Import Request.
  Time since last request: 0.000015 seconds.
  path: Assets/PolygonSciFiSpace/Prefabs/FX/FX_Laser_Shot.prefab
  artifactKey: Guid(b510fe24f925ddd4bbf696284d146f51) Importer(815301076,1909f56bfc062723c751e8b465ee728b)
Start importing Assets/PolygonSciFiSpace/Prefabs/FX/FX_Laser_Shot.prefab using Guid(b510fe24f925ddd4bbf696284d146f51) Importer(815301076,1909f56bfc062723c751e8b465ee728b)  -> (artifact id: 'c5491cefa1100d0df024676c20c578e7') in 0.040383 seconds 
========================================================================
Received Import Request.
  Time since last request: 0.000013 seconds.
  path: Assets/PolygonSciFiSpace/Prefabs/FX/FX_Laser_Bullet.prefab
  artifactKey: Guid(2c0c6b8c780ef4c49bad541f8512530d) Importer(815301076,1909f56bfc062723c751e8b465ee728b)
Start importing Assets/PolygonSciFiSpace/Prefabs/FX/FX_Laser_Bullet.prefab using Guid(2c0c6b8c780ef4c49bad541f8512530d) Importer(815301076,1909f56bfc062723c751e8b465ee728b)  -> (artifact id: 'c4a83a9a454f85209be153a137a87795') in 0.024587 seconds 
========================================================================
Received Import Request.
  Time since last request: 0.000016 seconds.
  path: Assets/POLYGON-LiteHalloweenPack/Prefs/Gravestone_04.prefab
  artifactKey: Guid(31200245cc36f4440b31ee78f7409d75) Importer(815301076,1909f56bfc062723c751e8b465ee728b)
Start importing Assets/POLYGON-LiteHalloweenPack/Prefs/Gravestone_04.prefab using Guid(31200245cc36f4440b31ee78f7409d75) Importer(815301076,1909f56bfc062723c751e8b465ee728b)  -> (artifact id: '4e2efdb7ef1dee19787936f91055e5d8') in 0.020166 seconds 
========================================================================
Received Import Request.
  Time since last request: 0.000016 seconds.
  path: Assets/Menu/Shop/Prefabs/P_LPSP_WEP_AR_02 Variant.prefab
  artifactKey: Guid(401b1166e68f0634f9f0a21901847cf1) Importer(815301076,1909f56bfc062723c751e8b465ee728b)
Start importing Assets/Menu/Shop/Prefabs/P_LPSP_WEP_AR_02 Variant.prefab using Guid(401b1166e68f0634f9f0a21901847cf1) Importer(815301076,1909f56bfc062723c751e8b465ee728b)  -> (artifact id: '6ee336157b7afd2a764bbe1705fd5b8e') in 2.268030 seconds 
========================================================================
Received Import Request.
  Time since last request: 5.157709 seconds.
  path: Assets/Infima Games/Low Poly Shooter Pack/Prefabs/Weapons/P_LPSP_WEP_GL_01.prefab
  artifactKey: Guid(12038d9fe9b50784c91441fad6056ebd) Importer(815301076,1909f56bfc062723c751e8b465ee728b)
Start importing Assets/Infima Games/Low Poly Shooter Pack/Prefabs/Weapons/P_LPSP_WEP_GL_01.prefab using Guid(12038d9fe9b50784c91441fad6056ebd) Importer(815301076,1909f56bfc062723c751e8b465ee728b)  -> (artifact id: '7bf9bef211020d77b83df57f2ba007da') in 2.256540 seconds 
========================================================================
Received Import Request.
  Time since last request: 0.000021 seconds.
  path: Assets/Infima Games/Low Poly Shooter Pack/Prefabs/Weapons/P_LPSP_Inventory.prefab
  artifactKey: Guid(9482e0a2ae6a92742bbe72e00f29f763) Importer(815301076,1909f56bfc062723c751e8b465ee728b)
Start importing Assets/Infima Games/Low Poly Shooter Pack/Prefabs/Weapons/P_LPSP_Inventory.prefab using Guid(9482e0a2ae6a92742bbe72e00f29f763) Importer(815301076,1909f56bfc062723c751e8b465ee728b)  -> (artifact id: '3e8b24b8fc29a3f029299a14bdbdca04') in 3.010933 seconds 
========================================================================
Received Import Request.
  Time since last request: 0.000029 seconds.
  path: Assets/GUI PRO Kit - Sci-Fi/Prefabs/Prefabs_Demo_UI/InputField_PlayerName.prefab
  artifactKey: Guid(02bda67cffaca469d808a722b471d34e) Importer(815301076,1909f56bfc062723c751e8b465ee728b)
Start importing Assets/GUI PRO Kit - Sci-Fi/Prefabs/Prefabs_Demo_UI/InputField_PlayerName.prefab using Guid(02bda67cffaca469d808a722b471d34e) Importer(815301076,1909f56bfc062723c751e8b465ee728b)  -> (artifact id: '61c3234cb816661b7ffed5eef3f60eec') in 0.055428 seconds 
========================================================================
Received Import Request.
  Time since last request: 0.000022 seconds.
  path: Assets/Infima Games/Low Poly Shooter Pack/Prefabs/Weapons/P_LPSP_WEP_Handgun_02.prefab
  artifactKey: Guid(8e4a73c62bb7a404db9c33a2c4369c16) Importer(815301076,1909f56bfc062723c751e8b465ee728b)
Start importing Assets/Infima Games/Low Poly Shooter Pack/Prefabs/Weapons/P_LPSP_WEP_Handgun_02.prefab using Guid(8e4a73c62bb7a404db9c33a2c4369c16) Importer(815301076,1909f56bfc062723c751e8b465ee728b)  -> (artifact id: '203f36c717ed15403f4fb7b695a9f2fb') in 2.639837 seconds 
========================================================================
Received Import Request.
  Time since last request: 0.000023 seconds.
  path: Assets/Infima Games/Low Poly Shooter Pack/Prefabs/Weapons/P_LPSP_WEP_AR_03.prefab
  artifactKey: Guid(4a4b8a3ad4e704d41951ddfdb2797d07) Importer(815301076,1909f56bfc062723c751e8b465ee728b)
Start importing Assets/Infima Games/Low Poly Shooter Pack/Prefabs/Weapons/P_LPSP_WEP_AR_03.prefab using Guid(4a4b8a3ad4e704d41951ddfdb2797d07) Importer(815301076,1909f56bfc062723c751e8b465ee728b)  -> (artifact id: '3ec19b5557975682526639d8c8af9859') in 2.197851 seconds 
========================================================================
Received Import Request.
  Time since last request: 0.000027 seconds.
  path: Assets/GUI PRO Kit - Sci-Fi/Prefabs/Prefabs_Common_Labels/Label_Label01_Green.prefab
  artifactKey: Guid(fff4b58b1619a42f68384cccd62b9167) Importer(815301076,1909f56bfc062723c751e8b465ee728b)
Start importing Assets/GUI PRO Kit - Sci-Fi/Prefabs/Prefabs_Common_Labels/Label_Label01_Green.prefab using Guid(fff4b58b1619a42f68384cccd62b9167) Importer(815301076,1909f56bfc062723c751e8b465ee728b)  -> (artifact id: '55153b4fce6b319baa209843fe3389f6') in 0.017851 seconds 
========================================================================
Received Import Request.
  Time since last request: 0.000019 seconds.
  path: Assets/Menu/Shop/Prefabs/P_LPSP_WEP_AR_03 Variant.prefab
  artifactKey: Guid(06097bf4a0a0afc46801f7bce3e355ec) Importer(815301076,1909f56bfc062723c751e8b465ee728b)
Start importing Assets/Menu/Shop/Prefabs/P_LPSP_WEP_AR_03 Variant.prefab using Guid(06097bf4a0a0afc46801f7bce3e355ec) Importer(815301076,1909f56bfc062723c751e8b465ee728b)  -> (artifact id: '2c346b8c9cc542a8afbc139b7eff9e1b') in 2.179267 seconds 
========================================================================
Received Import Request.
  Time since last request: 0.000021 seconds.
  path: Assets/Menu/Shop/Prefabs/P_LPSP_WEP_AR_01 Variant.prefab
  artifactKey: Guid(d3965a910a98c244c865219b2829c213) Importer(815301076,1909f56bfc062723c751e8b465ee728b)
Start importing Assets/Menu/Shop/Prefabs/P_LPSP_WEP_AR_01 Variant.prefab using Guid(d3965a910a98c244c865219b2829c213) Importer(815301076,1909f56bfc062723c751e8b465ee728b)  -> (artifact id: '7ab2d0c5917b83d30e7b3be8adda1117') in 2.148965 seconds 
========================================================================
Received Import Request.
  Time since last request: 0.000027 seconds.
  path: Assets/Infima Games/Low Poly Shooter Pack/Prefabs/Weapons/Attachments/P_LPSP_WEP_ATT_Muzzles.prefab
  artifactKey: Guid(613eeb9dc59c9934392391ae63fffa9d) Importer(815301076,1909f56bfc062723c751e8b465ee728b)
Start importing Assets/Infima Games/Low Poly Shooter Pack/Prefabs/Weapons/Attachments/P_LPSP_WEP_ATT_Muzzles.prefab using Guid(613eeb9dc59c9934392391ae63fffa9d) Importer(815301076,1909f56bfc062723c751e8b465ee728b)  -> (artifact id: '187e42cbb174f359aa3cd6a872ffbcd0') in 0.009293 seconds 
========================================================================
Received Import Request.
  Time since last request: 0.000015 seconds.
  path: Assets/Menu/Shop/Prefabs/P_LPSP_WEP_GL_01 Variant.prefab
  artifactKey: Guid(a7c70de95b92e2b468eef21598678d0a) Importer(815301076,1909f56bfc062723c751e8b465ee728b)
Start importing Assets/Menu/Shop/Prefabs/P_LPSP_WEP_GL_01 Variant.prefab using Guid(a7c70de95b92e2b468eef21598678d0a) Importer(815301076,1909f56bfc062723c751e8b465ee728b)  -> (artifact id: '5b37fabd5eb92b4bc42c5b55c386a4d7') in 2.181081 seconds 
========================================================================
Received Import Request.
  Time since last request: 0.000024 seconds.
  path: Assets/Infima Games/Low Poly Shooter Pack/Prefabs/Weapons/P_LPSP_WEP_AR_01.prefab
  artifactKey: Guid(8c7ba79f8ec05794aba7ffdd3d8aba93) Importer(815301076,1909f56bfc062723c751e8b465ee728b)
Start importing Assets/Infima Games/Low Poly Shooter Pack/Prefabs/Weapons/P_LPSP_WEP_AR_01.prefab using Guid(8c7ba79f8ec05794aba7ffdd3d8aba93) Importer(815301076,1909f56bfc062723c751e8b465ee728b)  -> (artifact id: '4bc83454aa75f3405ad19924e12aad69') in 2.157452 seconds 
========================================================================
Received Import Request.
  Time since last request: 0.000025 seconds.
  path: Assets/GUI PRO Kit - Sci-Fi/Prefabs/Prefabs_Common_Labels/Label_Label01_Gray.prefab
  artifactKey: Guid(41c0d5e6e31df4e0394ecc35d37fd255) Importer(815301076,1909f56bfc062723c751e8b465ee728b)
Start importing Assets/GUI PRO Kit - Sci-Fi/Prefabs/Prefabs_Common_Labels/Label_Label01_Gray.prefab using Guid(41c0d5e6e31df4e0394ecc35d37fd255) Importer(815301076,1909f56bfc062723c751e8b465ee728b)  -> (artifact id: '8dcdfd527c62975c39e5733c03aa9399') in 0.011541 seconds 
========================================================================
Received Import Request.
  Time since last request: 0.000014 seconds.
  path: Assets/GUI PRO Kit - Sci-Fi/Prefabs/Prefabs_Common_Labels/Label_Label01_Yellow.prefab
  artifactKey: Guid(cb411edcd0b1f4c619c79bfc8d79c8e7) Importer(815301076,1909f56bfc062723c751e8b465ee728b)
Start importing Assets/GUI PRO Kit - Sci-Fi/Prefabs/Prefabs_Common_Labels/Label_Label01_Yellow.prefab using Guid(cb411edcd0b1f4c619c79bfc8d79c8e7) Importer(815301076,1909f56bfc062723c751e8b465ee728b)  -> (artifact id: '693c0165498f9458aa5bb284cae655aa') in 0.015814 seconds 
========================================================================
Received Import Request.
  Time since last request: 0.000015 seconds.
  path: Assets/Menu/Shop/Prefabs/P_LPSP_WEP_Handgun_03 Variant.prefab
  artifactKey: Guid(3338b543b98bccf48b9eba2b0cbbb8f4) Importer(815301076,1909f56bfc062723c751e8b465ee728b)
Start importing Assets/Menu/Shop/Prefabs/P_LPSP_WEP_Handgun_03 Variant.prefab using Guid(3338b543b98bccf48b9eba2b0cbbb8f4) Importer(815301076,1909f56bfc062723c751e8b465ee728b)  -> (artifact id: '99216c9e093cbda09146f48950784210') in 2.643279 seconds 
========================================================================
Received Import Request.
  Time since last request: 0.000023 seconds.
  path: Assets/Menu/Shop/Prefabs/P_LPSP_WEP_Handgun_04 Variant.prefab
  artifactKey: Guid(7e31f2dde1c36eb47b51e982aac4edae) Importer(815301076,1909f56bfc062723c751e8b465ee728b)
Start importing Assets/Menu/Shop/Prefabs/P_LPSP_WEP_Handgun_04 Variant.prefab using Guid(7e31f2dde1c36eb47b51e982aac4edae) Importer(815301076,1909f56bfc062723c751e8b465ee728b)  -> (artifact id: 'db0f8abc7345e199d65d5500310d6336') in 2.638475 seconds 
========================================================================
Received Import Request.
  Time since last request: 0.000027 seconds.
  path: Assets/GUI PRO Kit - Sci-Fi/Prefabs/Prefabs_Common_Labels/Label_Label01-Group-.prefab
  artifactKey: Guid(67f33078d4b384a15a6dc773e21c1009) Importer(815301076,1909f56bfc062723c751e8b465ee728b)
Start importing Assets/GUI PRO Kit - Sci-Fi/Prefabs/Prefabs_Common_Labels/Label_Label01-Group-.prefab using Guid(67f33078d4b384a15a6dc773e21c1009) Importer(815301076,1909f56bfc062723c751e8b465ee728b)  -> (artifact id: '79df10729a8fbb92545079f66d5e6de8') in 0.029933 seconds 
========================================================================
Received Import Request.
  Time since last request: 0.000021 seconds.
  path: Assets/Menu/Shop/Prefabs/P_LPSP_WEP_AR_02 Variant.prefab
  artifactKey: Guid(401b1166e68f0634f9f0a21901847cf1) Importer(815301076,1909f56bfc062723c751e8b465ee728b)
Start importing Assets/Menu/Shop/Prefabs/P_LPSP_WEP_AR_02 Variant.prefab using Guid(401b1166e68f0634f9f0a21901847cf1) Importer(815301076,1909f56bfc062723c751e8b465ee728b)  -> (artifact id: '184c999ef1ce79fd574fe068e5756797') in 2.200152 seconds 
========================================================================
Received Import Request.
  Time since last request: 0.000021 seconds.
  path: Assets/GUI PRO Kit - Sci-Fi/Prefabs/Prefabs_DemoScene_Panels/Inbox.prefab
  artifactKey: Guid(c3bfedd0872b44118afcd55f8b454102) Importer(815301076,1909f56bfc062723c751e8b465ee728b)
Start importing Assets/GUI PRO Kit - Sci-Fi/Prefabs/Prefabs_DemoScene_Panels/Inbox.prefab using Guid(c3bfedd0872b44118afcd55f8b454102) Importer(815301076,1909f56bfc062723c751e8b465ee728b)  -> (artifact id: 'bd4dd83f5b8665befd3bcaf9c8f99ebc') in 0.055651 seconds 
========================================================================
Received Import Request.
  Time since last request: 0.000028 seconds.
  path: Assets/GUI PRO Kit - Sci-Fi/Prefabs/Prefabs_Demo_UI/Icon_RankBadge_Group.prefab
  artifactKey: Guid(a28c658b1a5b041d0b61715ec4a86419) Importer(815301076,1909f56bfc062723c751e8b465ee728b)
Start importing Assets/GUI PRO Kit - Sci-Fi/Prefabs/Prefabs_Demo_UI/Icon_RankBadge_Group.prefab using Guid(a28c658b1a5b041d0b61715ec4a86419) Importer(815301076,1909f56bfc062723c751e8b465ee728b)  -> (artifact id: 'c8205f15f39b0bc76bd0af58f3030a8f') in 0.063911 seconds 
========================================================================
Received Import Request.
  Time since last request: 0.000014 seconds.
  path: Assets/Infima Games/Low Poly Shooter Pack/Prefabs/Weapons/P_LPSP_WEP_Handgun_03.prefab
  artifactKey: Guid(464d2b315a1ed6b408948cc2fc04e8f7) Importer(815301076,1909f56bfc062723c751e8b465ee728b)
Start importing Assets/Infima Games/Low Poly Shooter Pack/Prefabs/Weapons/P_LPSP_WEP_Handgun_03.prefab using Guid(464d2b315a1ed6b408948cc2fc04e8f7) Importer(815301076,1909f56bfc062723c751e8b465ee728b)  -> (artifact id: '0a93ba5757b09640f96dc01ca24494fe') in 2.630753 seconds 
========================================================================
Received Import Request.
  Time since last request: 0.000021 seconds.
  path: Assets/GUI PRO Kit - Sci-Fi/Prefabs/Prefabs_Demo_UI/Icon_Medal_Group.prefab
  artifactKey: Guid(91f8f8d1626d14f2382d6e0eb0cb6004) Importer(815301076,1909f56bfc062723c751e8b465ee728b)
Start importing Assets/GUI PRO Kit - Sci-Fi/Prefabs/Prefabs_Demo_UI/Icon_Medal_Group.prefab using Guid(91f8f8d1626d14f2382d6e0eb0cb6004) Importer(815301076,1909f56bfc062723c751e8b465ee728b)  -> (artifact id: '2c71b5e5fc8fc34944d602c82147631e') in 0.025610 seconds 
========================================================================
Received Import Request.
  Time since last request: 0.000024 seconds.
  path: Assets/GUI PRO Kit - Sci-Fi/Prefabs/Prefabs_Common_Labels/Label_Label01_Purple.prefab
  artifactKey: Guid(9a4d83a8f0b644e54aa7233e36543836) Importer(815301076,1909f56bfc062723c751e8b465ee728b)
Start importing Assets/GUI PRO Kit - Sci-Fi/Prefabs/Prefabs_Common_Labels/Label_Label01_Purple.prefab using Guid(9a4d83a8f0b644e54aa7233e36543836) Importer(815301076,1909f56bfc062723c751e8b465ee728b)  -> (artifact id: 'a23ca91cf56fc72884459dc2e2fbbabb') in 0.011527 seconds 
========================================================================
Received Import Request.
  Time since last request: 0.000015 seconds.
  path: Assets/GUI PRO Kit - Sci-Fi/Prefabs/Prefabs_Common_Labels/Label_Label02.prefab
  artifactKey: Guid(1dd99da0b2fc6428ca8139e05db30357) Importer(815301076,1909f56bfc062723c751e8b465ee728b)
Start importing Assets/GUI PRO Kit - Sci-Fi/Prefabs/Prefabs_Common_Labels/Label_Label02.prefab using Guid(1dd99da0b2fc6428ca8139e05db30357) Importer(815301076,1909f56bfc062723c751e8b465ee728b)  -> (artifact id: 'ad7a4a9d43b42969b80b880714a73c30') in 0.011669 seconds 
========================================================================
Received Import Request.
  Time since last request: 0.000017 seconds.
  path: Assets/Infima Games/Low Poly Shooter Pack/Prefabs/P_LPSP_FP_CH.prefab
  artifactKey: Guid(19eadcf8fbed56b4da77ca94c1b4145f) Importer(815301076,1909f56bfc062723c751e8b465ee728b)
Start importing Assets/Infima Games/Low Poly Shooter Pack/Prefabs/P_LPSP_FP_CH.prefab using Guid(19eadcf8fbed56b4da77ca94c1b4145f) Importer(815301076,1909f56bfc062723c751e8b465ee728b)  -> (artifact id: 'af29c84a4acd93d19340beb42d05e57b') in 3.681186 seconds 
========================================================================
Received Import Request.
  Time since last request: 0.000023 seconds.
  path: Assets/Infima Games/Low Poly Shooter Pack/Prefabs/Weapons/P_LPSP_WEP_RL_01.prefab
  artifactKey: Guid(201b59cc0f9baa643817e6c1d0198649) Importer(815301076,1909f56bfc062723c751e8b465ee728b)
Start importing Assets/Infima Games/Low Poly Shooter Pack/Prefabs/Weapons/P_LPSP_WEP_RL_01.prefab using Guid(201b59cc0f9baa643817e6c1d0198649) Importer(815301076,1909f56bfc062723c751e8b465ee728b)  -> (artifact id: '89ea0c696d55643ba1ba2d6cd02ecdb7') in 2.148754 seconds 
========================================================================
Received Import Request.
  Time since last request: 0.000026 seconds.
  path: Assets/GUI PRO Kit - Sci-Fi/Prefabs/Prefabs_Common_Labels/Label_Label01_White.prefab
  artifactKey: Guid(5e7032fd61ea34365b969b82dbb8fe11) Importer(815301076,1909f56bfc062723c751e8b465ee728b)
Start importing Assets/GUI PRO Kit - Sci-Fi/Prefabs/Prefabs_Common_Labels/Label_Label01_White.prefab using Guid(5e7032fd61ea34365b969b82dbb8fe11) Importer(815301076,1909f56bfc062723c751e8b465ee728b)  -> (artifact id: '1e0fafdc44e4cee4cba06ad9302abdc0') in 0.011945 seconds 
========================================================================
Received Import Request.
  Time since last request: 0.000018 seconds.
  path: Assets/Menu/Shop/Prefabs/P_LPSP_WEP_Handgun_01 Variant.prefab
  artifactKey: Guid(e79270dc6f1d0094cb152230a0705897) Importer(815301076,1909f56bfc062723c751e8b465ee728b)
Start importing Assets/Menu/Shop/Prefabs/P_LPSP_WEP_Handgun_01 Variant.prefab using Guid(e79270dc6f1d0094cb152230a0705897) Importer(815301076,1909f56bfc062723c751e8b465ee728b)  -> (artifact id: 'f55fbc6c8ee18b9f79283a2ce7879566') in 2.696636 seconds 
========================================================================
Received Import Request.
  Time since last request: 0.000021 seconds.
  path: Assets/Infima Games/Low Poly Shooter Pack/Prefabs/Weapons/P_LPSP_WEP_Handgun_04.prefab
  artifactKey: Guid(6ff85997fd470764cb6d04a3cdb9ef78) Importer(815301076,1909f56bfc062723c751e8b465ee728b)
Start importing Assets/Infima Games/Low Poly Shooter Pack/Prefabs/Weapons/P_LPSP_WEP_Handgun_04.prefab using Guid(6ff85997fd470764cb6d04a3cdb9ef78) Importer(815301076,1909f56bfc062723c751e8b465ee728b)  -> (artifact id: 'eae02b7d758424264c4eb6ac23b25703') in 2.651312 seconds 
========================================================================
Received Import Request.
  Time since last request: 0.000028 seconds.
  path: Assets/Infima Games/Low Poly Shooter Pack/Prefabs/Weapons/P_LPSP_WEP_AR_02.prefab
  artifactKey: Guid(f985fca8d5251c049ab9579d483160b4) Importer(815301076,1909f56bfc062723c751e8b465ee728b)
Start importing Assets/Infima Games/Low Poly Shooter Pack/Prefabs/Weapons/P_LPSP_WEP_AR_02.prefab using Guid(f985fca8d5251c049ab9579d483160b4) Importer(815301076,1909f56bfc062723c751e8b465ee728b)  -> (artifact id: '5331a4bad59a5831f31337ce7dd15912') in 2.198238 seconds 
========================================================================
Received Import Request.
  Time since last request: 0.000023 seconds.
  path: Assets/GUI PRO Kit - Sci-Fi/Prefabs/Prefabs_Common_Labels/Label_Label03.prefab
  artifactKey: Guid(ee15f149b5170409d965b2fbaf8d3479) Importer(815301076,1909f56bfc062723c751e8b465ee728b)
Start importing Assets/GUI PRO Kit - Sci-Fi/Prefabs/Prefabs_Common_Labels/Label_Label03.prefab using Guid(ee15f149b5170409d965b2fbaf8d3479) Importer(815301076,1909f56bfc062723c751e8b465ee728b)  -> (artifact id: 'fbae538e1354d970049c84862d51b3f3') in 0.015831 seconds 
========================================================================
Received Import Request.
  Time since last request: 0.000028 seconds.
  path: Assets/GUI PRO Kit - Sci-Fi/Prefabs/Prefabs_Demo_UI/InputField_Password.prefab
  artifactKey: Guid(5129b1186485944ae92167f41f51c3b3) Importer(815301076,1909f56bfc062723c751e8b465ee728b)
Start importing Assets/GUI PRO Kit - Sci-Fi/Prefabs/Prefabs_Demo_UI/InputField_Password.prefab using Guid(5129b1186485944ae92167f41f51c3b3) Importer(815301076,1909f56bfc062723c751e8b465ee728b)  -> (artifact id: '3582472c563c2b9417548eb0a2d01018') in 0.048060 seconds 
========================================================================
Received Import Request.
  Time since last request: 0.000018 seconds.
  path: Assets/GUI PRO Kit - Sci-Fi/Prefabs/Prefabs_Common_Labels/Label_Label01_Blue.prefab
  artifactKey: Guid(5b27b6958771245019d733615e247161) Importer(815301076,1909f56bfc062723c751e8b465ee728b)
Start importing Assets/GUI PRO Kit - Sci-Fi/Prefabs/Prefabs_Common_Labels/Label_Label01_Blue.prefab using Guid(5b27b6958771245019d733615e247161) Importer(815301076,1909f56bfc062723c751e8b465ee728b)  -> (artifact id: '07e0bb958184c126619ec6257932480a') in 0.012123 seconds 
========================================================================
Received Import Request.
  Time since last request: 0.000018 seconds.
  path: Assets/GUI PRO Kit - Sci-Fi/Prefabs/Prefabs_Demo_UI/InputField_Email.prefab
  artifactKey: Guid(5417ef7fee4e742d8961dbf4ca816196) Importer(815301076,1909f56bfc062723c751e8b465ee728b)
Start importing Assets/GUI PRO Kit - Sci-Fi/Prefabs/Prefabs_Demo_UI/InputField_Email.prefab using Guid(5417ef7fee4e742d8961dbf4ca816196) Importer(815301076,1909f56bfc062723c751e8b465ee728b)  -> (artifact id: '3985edf9b8e9084a9150076af2825375') in 0.042926 seconds 
========================================================================
Received Import Request.
  Time since last request: 0.000020 seconds.
  path: Assets/GUI PRO Kit - Sci-Fi/Prefabs/Prefabs_Common_Labels/Label_Label03_White.prefab
  artifactKey: Guid(8fc822d75220245d5949cca637cccec3) Importer(815301076,1909f56bfc062723c751e8b465ee728b)
Start importing Assets/GUI PRO Kit - Sci-Fi/Prefabs/Prefabs_Common_Labels/Label_Label03_White.prefab using Guid(8fc822d75220245d5949cca637cccec3) Importer(815301076,1909f56bfc062723c751e8b465ee728b)  -> (artifact id: '8adcad4e1c55e26dad7f5e932b1786a3') in 0.011422 seconds 
========================================================================
Received Import Request.
  Time since last request: 0.000016 seconds.
  path: Assets/Menu/Shop/Prefabs/P_LPSP_WEP_Handgun_02 Variant.prefab
  artifactKey: Guid(882172a4460645d44bbd477adac700f5) Importer(815301076,1909f56bfc062723c751e8b465ee728b)
Start importing Assets/Menu/Shop/Prefabs/P_LPSP_WEP_Handgun_02 Variant.prefab using Guid(882172a4460645d44bbd477adac700f5) Importer(815301076,1909f56bfc062723c751e8b465ee728b)  -> (artifact id: '0f1c5e1b309bb26005faf25498a4e050') in 2.627458 seconds 
========================================================================
Received Import Request.
  Time since last request: 0.000023 seconds.
  path: Assets/Infima Games/Low Poly Shooter Pack/Prefabs/Weapons/Attachments/Specific/P_LPSP_WEP_ATT_Muzzle.prefab
  artifactKey: Guid(16810aaa7341c99469aecedc37b98ef5) Importer(815301076,1909f56bfc062723c751e8b465ee728b)
Start importing Assets/Infima Games/Low Poly Shooter Pack/Prefabs/Weapons/Attachments/Specific/P_LPSP_WEP_ATT_Muzzle.prefab using Guid(16810aaa7341c99469aecedc37b98ef5) Importer(815301076,1909f56bfc062723c751e8b465ee728b)  -> (artifact id: '697a6738ba59ed034bd17e5dd37eac98') in 0.007538 seconds 
========================================================================
Received Import Request.
  Time since last request: 0.000028 seconds.
  path: Assets/Infima Games/Low Poly Shooter Pack/Prefabs/Weapons/P_LPSP_WEP_Handgun_01.prefab
  artifactKey: Guid(d3308534d30856e42b7a585baa7a886b) Importer(815301076,1909f56bfc062723c751e8b465ee728b)
Start importing Assets/Infima Games/Low Poly Shooter Pack/Prefabs/Weapons/P_LPSP_WEP_Handgun_01.prefab using Guid(d3308534d30856e42b7a585baa7a886b) Importer(815301076,1909f56bfc062723c751e8b465ee728b)  -> (artifact id: '3f34452a91105aa1af945d141b9bf896') in 2.641909 seconds 
========================================================================
Received Import Request.
  Time since last request: 373.091349 seconds.
  path: Assets/Scenes/Level 1.unity
  artifactKey: Guid(9fc0d4010bbf28b4594072e72b8655ab) Importer(815301076,1909f56bfc062723c751e8b465ee728b)
Start importing Assets/Scenes/Level 1.unity using Guid(9fc0d4010bbf28b4594072e72b8655ab) Importer(815301076,1909f56bfc062723c751e8b465ee728b)  -> (artifact id: 'a1d7953f086466dfbb2f5424c9e54348') in 0.006373 seconds 
========================================================================
Received Prepare
Registering precompiled user dll's ...
Registered in 0.007526 seconds.
Begin MonoManager ReloadAssembly
Symbol file LoadedFromMemory doesn't match image C:\Users\Mikhail\Desktop\Unity\Sci-Fi-Shooter-2\Sci-Fi-Shooter-2\Library\PackageCache\com.unity.visualscripting@1.8.0\Editor\VisualScripting.Core\Dependencies\YamlDotNet\Unity.VisualScripting.YamlDotNet.dll
Symbol file LoadedFromMemory doesn't match image C:\Users\Mikhail\Desktop\Unity\Sci-Fi-Shooter-2\Sci-Fi-Shooter-2\Library\PackageCache\com.unity.visualscripting@1.8.0\Editor\VisualScripting.Core\Dependencies\DotNetZip\Unity.VisualScripting.IonicZip.dll
Native extension for WindowsStandalone target not found
Native extension for WebGL target not found
Refreshing native plugins compatible for Editor in 2.03 ms, found 3 plugins.
Preloading 0 native plugins for Editor in 0.00 ms.
Mono: successfully reloaded assembly
- Completed reload, in  1.151 seconds
Domain Reload Profiling:
	ReloadAssembly (1151ms)
		BeginReloadAssembly (144ms)
			ExecutionOrderSort (0ms)
			DisableScriptedObjects (4ms)
			BackupInstance (0ms)
			ReleaseScriptingObjects (0ms)
			CreateAndSetChildDomain (51ms)
		EndReloadAssembly (910ms)
			LoadAssemblies (94ms)
			RebuildTransferFunctionScriptingTraits (0ms)
			SetupTypeCache (288ms)
			ReleaseScriptCaches (1ms)
			RebuildScriptCaches (36ms)
			SetupLoadedEditorAssemblies (447ms)
				LogAssemblyErrors (0ms)
				InitializePlatformSupportModulesInManaged (13ms)
				SetLoadedEditorAssemblies (0ms)
				RefreshPlugins (2ms)
				BeforeProcessingInitializeOnLoad (74ms)
				ProcessInitializeOnLoadAttributes (220ms)
				ProcessInitializeOnLoadMethodAttributes (130ms)
				AfterProcessingInitializeOnLoad (7ms)
				EditorAssembliesLoaded (0ms)
			ExecutionOrderSort2 (0ms)
			AwakeInstancesAfterBackupRestoration (5ms)
Platform modules already initialized, skipping
Refreshing native plugins compatible for Editor in 3.99 ms, found 3 plugins.
Preloading 0 native plugins for Editor in 0.00 ms.
Unloading 4771 Unused Serialized files (Serialized files now loaded: 0)
Unloading 33 unused Assets / (26.5 KB). Loaded Objects now: 5315.
Memory consumption went from 295.1 MB to 295.1 MB.
Total: 3.783200 ms (FindLiveObjects: 0.330900 ms CreateObjectMapping: 0.387400 ms MarkObjects: 3.031600 ms  DeleteObjects: 0.032500 ms)

AssetImportParameters requested are different than current active one (requested -> active):
  custom:video-decoder-ogg-theora: a1e56fd34408186e4bbccfd4996cb3dc -> 
  custom:container-muxer-webm: aa71ff27fc2769a1b78a27578f13a17b -> 
  custom:container-demuxer-webm: 4f35f7cbe854078d1ac9338744f61a02 -> 
  custom:video-encoder-webm-vp8: eb34c28f22e8b96e1ab97ce403110664 -> 
  custom:audio-encoder-webm-vorbis: bf7c407c2cedff20999df2af8eb42d56 -> 
  custom:framework-win-MediaFoundation: 216162199b28c13a410421893ffa2e32 -> 
  custom:container-demuxer-ogg: 62fdf1f143b41e24485cea50d1cbac27 -> 
  custom:video-decoder-webm-vp8: 9c59270c3fd7afecdb556c50c9e8de78 -> 
  custom:audio-decoder-ogg-vorbis: bf7c407c2cedff20999df2af8eb42d56 -> 
========================================================================
Received Import Request.
  Time since last request: 5039.682497 seconds.
  path: Assets/Characters/Bot/Prefabs/Ranger_1.prefab
  artifactKey: Guid(59f519ae4f2801d4889cd8b05b1fac95) Importer(815301076,1909f56bfc062723c751e8b465ee728b)
Start importing Assets/Characters/Bot/Prefabs/Ranger_1.prefab using Guid(59f519ae4f2801d4889cd8b05b1fac95) Importer(815301076,1909f56bfc062723c751e8b465ee728b)  -> (artifact id: '7f06e960148cd07a049d9a240679d082') in 0.120460 seconds 
========================================================================
Received Import Request.
  Time since last request: 0.000021 seconds.
  path: Assets/Characters/Bot/Prefabs/Sniper.prefab
  artifactKey: Guid(e1dd0888f364bfc45a0b878215c8e77c) Importer(815301076,1909f56bfc062723c751e8b465ee728b)
Start importing Assets/Characters/Bot/Prefabs/Sniper.prefab using Guid(e1dd0888f364bfc45a0b878215c8e77c) Importer(815301076,1909f56bfc062723c751e8b465ee728b)  -> (artifact id: '6de39869037608e2345c104bfc4a12d7') in 0.061580 seconds 
========================================================================
Received Import Request.
  Time since last request: 0.000022 seconds.
  path: Assets/Characters/Bot/Prefabs/Ranger_2.prefab
  artifactKey: Guid(a9912cf1432b0f04988b7d3983dd617b) Importer(815301076,1909f56bfc062723c751e8b465ee728b)
Start importing Assets/Characters/Bot/Prefabs/Ranger_2.prefab using Guid(a9912cf1432b0f04988b7d3983dd617b) Importer(815301076,1909f56bfc062723c751e8b465ee728b)  -> (artifact id: 'a4adb85d802519032bd3eb9d98733332') in 0.033030 seconds 
========================================================================
Received Import Request.
  Time since last request: 112.369564 seconds.
  path: Assets/Characters/Bot/Prefabs/Ranger_1.prefab
  artifactKey: Guid(59f519ae4f2801d4889cd8b05b1fac95) Importer(815301076,1909f56bfc062723c751e8b465ee728b)
Start importing Assets/Characters/Bot/Prefabs/Ranger_1.prefab using Guid(59f519ae4f2801d4889cd8b05b1fac95) Importer(815301076,1909f56bfc062723c751e8b465ee728b)  -> (artifact id: 'ddd591fd58894cf4769a85156540e744') in 0.028544 seconds 
========================================================================
Received Import Request.
  Time since last request: 2.268833 seconds.
  path: Assets/Characters/Bot/Prefabs/Ranger_1.prefab
  artifactKey: Guid(59f519ae4f2801d4889cd8b05b1fac95) Importer(815301076,1909f56bfc062723c751e8b465ee728b)
Start importing Assets/Characters/Bot/Prefabs/Ranger_1.prefab using Guid(59f519ae4f2801d4889cd8b05b1fac95) Importer(815301076,1909f56bfc062723c751e8b465ee728b)  -> (artifact id: 'ede6ddd20430becc30db70c04ed042c1') in 0.022175 seconds 
========================================================================
Received Prepare
Registering precompiled user dll's ...
Registered in 0.007386 seconds.
Begin MonoManager ReloadAssembly
Symbol file LoadedFromMemory doesn't match image C:\Users\Mikhail\Desktop\Unity\Sci-Fi-Shooter-2\Sci-Fi-Shooter-2\Library\PackageCache\com.unity.visualscripting@1.8.0\Editor\VisualScripting.Core\Dependencies\YamlDotNet\Unity.VisualScripting.YamlDotNet.dll
Symbol file LoadedFromMemory doesn't match image C:\Users\Mikhail\Desktop\Unity\Sci-Fi-Shooter-2\Sci-Fi-Shooter-2\Library\PackageCache\com.unity.visualscripting@1.8.0\Editor\VisualScripting.Core\Dependencies\DotNetZip\Unity.VisualScripting.IonicZip.dll
Native extension for WindowsStandalone target not found
Native extension for WebGL target not found
Refreshing native plugins compatible for Editor in 2.08 ms, found 3 plugins.
Preloading 0 native plugins for Editor in 0.00 ms.
Mono: successfully reloaded assembly
- Completed reload, in  1.199 seconds
Domain Reload Profiling:
	ReloadAssembly (1200ms)
		BeginReloadAssembly (123ms)
			ExecutionOrderSort (0ms)
			DisableScriptedObjects (4ms)
			BackupInstance (0ms)
			ReleaseScriptingObjects (0ms)
			CreateAndSetChildDomain (36ms)
		EndReloadAssembly (980ms)
			LoadAssemblies (83ms)
			RebuildTransferFunctionScriptingTraits (0ms)
			SetupTypeCache (300ms)
			ReleaseScriptCaches (2ms)
			RebuildScriptCaches (38ms)
			SetupLoadedEditorAssemblies (504ms)
				LogAssemblyErrors (0ms)
				InitializePlatformSupportModulesInManaged (13ms)
				SetLoadedEditorAssemblies (0ms)
				RefreshPlugins (2ms)
				BeforeProcessingInitializeOnLoad (87ms)
				ProcessInitializeOnLoadAttributes (247ms)
				ProcessInitializeOnLoadMethodAttributes (147ms)
				AfterProcessingInitializeOnLoad (7ms)
				EditorAssembliesLoaded (0ms)
			ExecutionOrderSort2 (0ms)
			AwakeInstancesAfterBackupRestoration (6ms)
Platform modules already initialized, skipping
Refreshing native plugins compatible for Editor in 5.36 ms, found 3 plugins.
Preloading 0 native plugins for Editor in 0.00 ms.
Unloading 4771 Unused Serialized files (Serialized files now loaded: 0)
Unloading 31 unused Assets / (24.7 KB). Loaded Objects now: 5318.
Memory consumption went from 295.1 MB to 295.1 MB.
Total: 3.817800 ms (FindLiveObjects: 0.345800 ms CreateObjectMapping: 0.297100 ms MarkObjects: 3.137500 ms  DeleteObjects: 0.036100 ms)

AssetImportParameters requested are different than current active one (requested -> active):
  custom:video-decoder-ogg-theora: a1e56fd34408186e4bbccfd4996cb3dc -> 
  custom:container-muxer-webm: aa71ff27fc2769a1b78a27578f13a17b -> 
  custom:container-demuxer-webm: 4f35f7cbe854078d1ac9338744f61a02 -> 
  custom:video-encoder-webm-vp8: eb34c28f22e8b96e1ab97ce403110664 -> 
  custom:audio-encoder-webm-vorbis: bf7c407c2cedff20999df2af8eb42d56 -> 
  custom:framework-win-MediaFoundation: 216162199b28c13a410421893ffa2e32 -> 
  custom:container-demuxer-ogg: 62fdf1f143b41e24485cea50d1cbac27 -> 
  custom:video-decoder-webm-vp8: 9c59270c3fd7afecdb556c50c9e8de78 -> 
  custom:audio-decoder-ogg-vorbis: bf7c407c2cedff20999df2af8eb42d56 -> 
========================================================================
Received Import Request.
  Time since last request: 25.406055 seconds.
  path: Assets/Characters/Bot/Prefabs/Ranger_1.prefab
  artifactKey: Guid(59f519ae4f2801d4889cd8b05b1fac95) Importer(815301076,1909f56bfc062723c751e8b465ee728b)
Start importing Assets/Characters/Bot/Prefabs/Ranger_1.prefab using Guid(59f519ae4f2801d4889cd8b05b1fac95) Importer(815301076,1909f56bfc062723c751e8b465ee728b)  -> (artifact id: '905cff9f7b2baa90b3a882675b31df08') in 0.086843 seconds 
========================================================================
Received Prepare
Registering precompiled user dll's ...
Registered in 0.007406 seconds.
Begin MonoManager ReloadAssembly
Symbol file LoadedFromMemory doesn't match image C:\Users\Mikhail\Desktop\Unity\Sci-Fi-Shooter-2\Sci-Fi-Shooter-2\Library\PackageCache\com.unity.visualscripting@1.8.0\Editor\VisualScripting.Core\Dependencies\YamlDotNet\Unity.VisualScripting.YamlDotNet.dll
Symbol file LoadedFromMemory doesn't match image C:\Users\Mikhail\Desktop\Unity\Sci-Fi-Shooter-2\Sci-Fi-Shooter-2\Library\PackageCache\com.unity.visualscripting@1.8.0\Editor\VisualScripting.Core\Dependencies\DotNetZip\Unity.VisualScripting.IonicZip.dll
Native extension for WindowsStandalone target not found
Native extension for WebGL target not found
Refreshing native plugins compatible for Editor in 2.02 ms, found 3 plugins.
Preloading 0 native plugins for Editor in 0.00 ms.
Mono: successfully reloaded assembly
- Completed reload, in  1.182 seconds
Domain Reload Profiling:
	ReloadAssembly (1182ms)
		BeginReloadAssembly (123ms)
			ExecutionOrderSort (0ms)
			DisableScriptedObjects (4ms)
			BackupInstance (0ms)
			ReleaseScriptingObjects (0ms)
			CreateAndSetChildDomain (36ms)
		EndReloadAssembly (965ms)
			LoadAssemblies (80ms)
			RebuildTransferFunctionScriptingTraits (0ms)
			SetupTypeCache (284ms)
			ReleaseScriptCaches (1ms)
			RebuildScriptCaches (39ms)
			SetupLoadedEditorAssemblies (506ms)
				LogAssemblyErrors (0ms)
				InitializePlatformSupportModulesInManaged (12ms)
				SetLoadedEditorAssemblies (0ms)
				RefreshPlugins (2ms)
				BeforeProcessingInitializeOnLoad (76ms)
				ProcessInitializeOnLoadAttributes (257ms)
				ProcessInitializeOnLoadMethodAttributes (149ms)
				AfterProcessingInitializeOnLoad (8ms)
				EditorAssembliesLoaded (0ms)
			ExecutionOrderSort2 (0ms)
			AwakeInstancesAfterBackupRestoration (6ms)
Platform modules already initialized, skipping
Refreshing native plugins compatible for Editor in 4.84 ms, found 3 plugins.
Preloading 0 native plugins for Editor in 0.00 ms.
Unloading 4771 Unused Serialized files (Serialized files now loaded: 0)
Unloading 31 unused Assets / (24.7 KB). Loaded Objects now: 5321.
Memory consumption went from 295.2 MB to 295.1 MB.
Total: 3.412500 ms (FindLiveObjects: 0.358900 ms CreateObjectMapping: 0.305600 ms MarkObjects: 2.719400 ms  DeleteObjects: 0.028000 ms)

AssetImportParameters requested are different than current active one (requested -> active):
  custom:video-decoder-ogg-theora: a1e56fd34408186e4bbccfd4996cb3dc -> 
  custom:container-muxer-webm: aa71ff27fc2769a1b78a27578f13a17b -> 
  custom:container-demuxer-webm: 4f35f7cbe854078d1ac9338744f61a02 -> 
  custom:video-encoder-webm-vp8: eb34c28f22e8b96e1ab97ce403110664 -> 
  custom:audio-encoder-webm-vorbis: bf7c407c2cedff20999df2af8eb42d56 -> 
  custom:framework-win-MediaFoundation: 216162199b28c13a410421893ffa2e32 -> 
  custom:container-demuxer-ogg: 62fdf1f143b41e24485cea50d1cbac27 -> 
  custom:video-decoder-webm-vp8: 9c59270c3fd7afecdb556c50c9e8de78 -> 
  custom:audio-decoder-ogg-vorbis: bf7c407c2cedff20999df2af8eb42d56 -> 
========================================================================
Received Import Request.
  Time since last request: 5.477853 seconds.
  path: Assets/Characters/Bot/Prefabs/Ranger_1.prefab
  artifactKey: Guid(59f519ae4f2801d4889cd8b05b1fac95) Importer(815301076,1909f56bfc062723c751e8b465ee728b)
Start importing Assets/Characters/Bot/Prefabs/Ranger_1.prefab using Guid(59f519ae4f2801d4889cd8b05b1fac95) Importer(815301076,1909f56bfc062723c751e8b465ee728b)  -> (artifact id: '4309262f3a3c1ad15d02f7d085328850') in 0.095275 seconds 
========================================================================
Received Import Request.
  Time since last request: 27.824013 seconds.
  path: Assets/Characters/Bot/Prefabs/Ranger_2.prefab
  artifactKey: Guid(a9912cf1432b0f04988b7d3983dd617b) Importer(815301076,1909f56bfc062723c751e8b465ee728b)
Start importing Assets/Characters/Bot/Prefabs/Ranger_2.prefab using Guid(a9912cf1432b0f04988b7d3983dd617b) Importer(815301076,1909f56bfc062723c751e8b465ee728b)  -> (artifact id: 'dbb3c4aa682a5a90f0dd82117044c525') in 0.026280 seconds 
========================================================================
Received Import Request.
  Time since last request: 0.000039 seconds.
  path: Assets/Characters/Bot/Prefabs/Sniper.prefab
  artifactKey: Guid(e1dd0888f364bfc45a0b878215c8e77c) Importer(815301076,1909f56bfc062723c751e8b465ee728b)
Start importing Assets/Characters/Bot/Prefabs/Sniper.prefab using Guid(e1dd0888f364bfc45a0b878215c8e77c) Importer(815301076,1909f56bfc062723c751e8b465ee728b)  -> (artifact id: 'dfcf8f9f2ed704604f8f322faf176618') in 0.056055 seconds 
========================================================================
Received Import Request.
  Time since last request: 122.196471 seconds.
  path: Assets/Infima Games/Low Poly Shooter Pack/Art/Textures/Weapons/Striped/T_WEP_Striped_001_D.png
  artifactKey: Guid(9645f5e1dddd8d64e9ce9c5d19da2b32) Importer(815301076,1909f56bfc062723c751e8b465ee728b)
Start importing Assets/Infima Games/Low Poly Shooter Pack/Art/Textures/Weapons/Striped/T_WEP_Striped_001_D.png using Guid(9645f5e1dddd8d64e9ce9c5d19da2b32) Importer(815301076,1909f56bfc062723c751e8b465ee728b)  -> (artifact id: '43059445361fd072b5585dca0dc52a1c') in 0.030309 seconds 
========================================================================
Received Import Request.
  Time since last request: 0.000015 seconds.
  path: Assets/Infima Games/Low Poly Shooter Pack/Art/Textures/Weapons/Striped/T_WEP_Striped_005_R.png
  artifactKey: Guid(37ebc340ccc14b149aa9f9c903dbd45d) Importer(815301076,1909f56bfc062723c751e8b465ee728b)
Start importing Assets/Infima Games/Low Poly Shooter Pack/Art/Textures/Weapons/Striped/T_WEP_Striped_005_R.png using Guid(37ebc340ccc14b149aa9f9c903dbd45d) Importer(815301076,1909f56bfc062723c751e8b465ee728b)  -> (artifact id: 'f54dd2343bfd18c9ed6248775d158b75') in 0.021232 seconds 
========================================================================
Received Import Request.
  Time since last request: 0.000015 seconds.
  path: Assets/Infima Games/Low Poly Shooter Pack/Art/Textures/Weapons/Striped/T_WEP_Striped_009_R.png
  artifactKey: Guid(3fbd06585628c1b4d84742f098a925eb) Importer(815301076,1909f56bfc062723c751e8b465ee728b)
Start importing Assets/Infima Games/Low Poly Shooter Pack/Art/Textures/Weapons/Striped/T_WEP_Striped_009_R.png using Guid(3fbd06585628c1b4d84742f098a925eb) Importer(815301076,1909f56bfc062723c751e8b465ee728b)  -> (artifact id: '62479f39dc71c02a901bf1353fba4033') in 0.019411 seconds 
========================================================================
Received Import Request.
  Time since last request: 0.000019 seconds.
  path: Assets/Infima Games/Low Poly Shooter Pack/Art/Textures/Weapons/Striped/T_WEP_Striped_014_D.png
  artifactKey: Guid(42403823b28197c4a94b81ed84c1e4aa) Importer(815301076,1909f56bfc062723c751e8b465ee728b)
Start importing Assets/Infima Games/Low Poly Shooter Pack/Art/Textures/Weapons/Striped/T_WEP_Striped_014_D.png using Guid(42403823b28197c4a94b81ed84c1e4aa) Importer(815301076,1909f56bfc062723c751e8b465ee728b)  -> (artifact id: '0e2650aea075d4f891a5ee724d398294') in 0.020458 seconds 
========================================================================
Received Import Request.
  Time since last request: 0.000019 seconds.
  path: Assets/Infima Games/Low Poly Shooter Pack/Art/Textures/Weapons/Striped/T_WEP_Striped_007_D.png
  artifactKey: Guid(2904c10df6b078e41ac0a959d71033fc) Importer(815301076,1909f56bfc062723c751e8b465ee728b)
Start importing Assets/Infima Games/Low Poly Shooter Pack/Art/Textures/Weapons/Striped/T_WEP_Striped_007_D.png using Guid(2904c10df6b078e41ac0a959d71033fc) Importer(815301076,1909f56bfc062723c751e8b465ee728b)  -> (artifact id: '1356edd52419d66fa056a3bc692b73e0') in 0.015735 seconds 
========================================================================
Received Import Request.
  Time since last request: 0.000015 seconds.
  path: Assets/Infima Games/Low Poly Shooter Pack/Art/Textures/Weapons/Striped/T_WEP_Striped_006_R.png
  artifactKey: Guid(b0a893692bd3d4f47973d2931a939e4e) Importer(815301076,1909f56bfc062723c751e8b465ee728b)
Start importing Assets/Infima Games/Low Poly Shooter Pack/Art/Textures/Weapons/Striped/T_WEP_Striped_006_R.png using Guid(b0a893692bd3d4f47973d2931a939e4e) Importer(815301076,1909f56bfc062723c751e8b465ee728b)  -> (artifact id: '9dce5bb7c52d098cbdae527608852ba4') in 0.019517 seconds 
========================================================================
Received Import Request.
  Time since last request: 0.000023 seconds.
  path: Assets/Infima Games/Low Poly Shooter Pack/Art/Textures/Weapons/Striped/T_WEP_Striped_012_D.png
  artifactKey: Guid(18fbfdad3b0d37842b8296faa029cc35) Importer(815301076,1909f56bfc062723c751e8b465ee728b)
Start importing Assets/Infima Games/Low Poly Shooter Pack/Art/Textures/Weapons/Striped/T_WEP_Striped_012_D.png using Guid(18fbfdad3b0d37842b8296faa029cc35) Importer(815301076,1909f56bfc062723c751e8b465ee728b)  -> (artifact id: '71c0ef810d830f4aca65ac15f9205059') in 0.020692 seconds 
========================================================================
Received Import Request.
  Time since last request: 0.000019 seconds.
  path: Assets/Infima Games/Low Poly Shooter Pack/Art/Textures/Weapons/Striped/T_WEP_Striped_002_R.png
  artifactKey: Guid(65e5bd9832c4fbf42b6cb8aceb659963) Importer(815301076,1909f56bfc062723c751e8b465ee728b)
Start importing Assets/Infima Games/Low Poly Shooter Pack/Art/Textures/Weapons/Striped/T_WEP_Striped_002_R.png using Guid(65e5bd9832c4fbf42b6cb8aceb659963) Importer(815301076,1909f56bfc062723c751e8b465ee728b)  -> (artifact id: 'edba96a772169441246c2a59dcb9a184') in 0.020062 seconds 
========================================================================
Received Import Request.
  Time since last request: 0.000020 seconds.
  path: Assets/Infima Games/Low Poly Shooter Pack/Art/Textures/Weapons/Striped/T_WEP_Striped_015_D.png
  artifactKey: Guid(21633f87bba75474794a3615140489ab) Importer(815301076,1909f56bfc062723c751e8b465ee728b)
Start importing Assets/Infima Games/Low Poly Shooter Pack/Art/Textures/Weapons/Striped/T_WEP_Striped_015_D.png using Guid(21633f87bba75474794a3615140489ab) Importer(815301076,1909f56bfc062723c751e8b465ee728b)  -> (artifact id: '3de4d757658cc9d37663ef391fbe92dc') in 0.019930 seconds 
========================================================================
Received Import Request.
  Time since last request: 0.000015 seconds.
  path: Assets/Infima Games/Low Poly Shooter Pack/Art/Textures/Weapons/Striped/T_WEP_Striped_008_R.png
  artifactKey: Guid(8a1fb30d06643e84f9d40e2b830af568) Importer(815301076,1909f56bfc062723c751e8b465ee728b)
Start importing Assets/Infima Games/Low Poly Shooter Pack/Art/Textures/Weapons/Striped/T_WEP_Striped_008_R.png using Guid(8a1fb30d06643e84f9d40e2b830af568) Importer(815301076,1909f56bfc062723c751e8b465ee728b)  -> (artifact id: '26d9a97f0b26662bdaea54268cf8a126') in 0.024017 seconds 
========================================================================
Received Import Request.
  Time since last request: 0.000014 seconds.
  path: Assets/Infima Games/Low Poly Shooter Pack/Art/Textures/Weapons/Striped/T_WEP_Striped_008_D.png
  artifactKey: Guid(f19bececd6491464db055ec727b932c4) Importer(815301076,1909f56bfc062723c751e8b465ee728b)
Start importing Assets/Infima Games/Low Poly Shooter Pack/Art/Textures/Weapons/Striped/T_WEP_Striped_008_D.png using Guid(f19bececd6491464db055ec727b932c4) Importer(815301076,1909f56bfc062723c751e8b465ee728b)  -> (artifact id: '7396b082a2ccf0faa94753fe6cee4d38') in 0.019187 seconds 
========================================================================
Received Import Request.
  Time since last request: 0.000014 seconds.
  path: Assets/Infima Games/Low Poly Shooter Pack/Art/Textures/Weapons/Striped/T_WEP_Striped_002_D.png
  artifactKey: Guid(f9e847697b2243b41a0ad87ae9f86752) Importer(815301076,1909f56bfc062723c751e8b465ee728b)
Start importing Assets/Infima Games/Low Poly Shooter Pack/Art/Textures/Weapons/Striped/T_WEP_Striped_002_D.png using Guid(f9e847697b2243b41a0ad87ae9f86752) Importer(815301076,1909f56bfc062723c751e8b465ee728b)  -> (artifact id: 'bd2dc1fd14660b73f34c43e0144c4825') in 0.019593 seconds 
========================================================================
Received Import Request.
  Time since last request: 0.000020 seconds.
  path: Assets/Infima Games/Low Poly Shooter Pack/Art/Textures/Weapons/Striped/T_WEP_Striped_005_D.png
  artifactKey: Guid(6619d4abab7f3394c88735c12100b684) Importer(815301076,1909f56bfc062723c751e8b465ee728b)
Start importing Assets/Infima Games/Low Poly Shooter Pack/Art/Textures/Weapons/Striped/T_WEP_Striped_005_D.png using Guid(6619d4abab7f3394c88735c12100b684) Importer(815301076,1909f56bfc062723c751e8b465ee728b)  -> (artifact id: '92e4a41db868789f927cb52e1fa3380c') in 0.022108 seconds 
========================================================================
Received Import Request.
  Time since last request: 0.000019 seconds.
  path: Assets/Infima Games/Low Poly Shooter Pack/Art/Textures/Weapons/Striped/T_WEP_Striped_012_R.png
  artifactKey: Guid(2bca1040ea14f044da417ac7e9ac3fe9) Importer(815301076,1909f56bfc062723c751e8b465ee728b)
Start importing Assets/Infima Games/Low Poly Shooter Pack/Art/Textures/Weapons/Striped/T_WEP_Striped_012_R.png using Guid(2bca1040ea14f044da417ac7e9ac3fe9) Importer(815301076,1909f56bfc062723c751e8b465ee728b)  -> (artifact id: 'd2ab6118f00268abaa758afb0398954e') in 0.018204 seconds 
========================================================================
Received Import Request.
  Time since last request: 0.000017 seconds.
  path: Assets/Infima Games/Low Poly Shooter Pack/Art/Textures/Weapons/Striped/T_WEP_Striped_006_D.png
  artifactKey: Guid(294768ea32fa3c14b9741e90e0967d57) Importer(815301076,1909f56bfc062723c751e8b465ee728b)
Start importing Assets/Infima Games/Low Poly Shooter Pack/Art/Textures/Weapons/Striped/T_WEP_Striped_006_D.png using Guid(294768ea32fa3c14b9741e90e0967d57) Importer(815301076,1909f56bfc062723c751e8b465ee728b)  -> (artifact id: 'b099cd30384af439e3b215201348f48f') in 0.018513 seconds 
========================================================================
Received Import Request.
  Time since last request: 0.000015 seconds.
  path: Assets/Infima Games/Low Poly Shooter Pack/Art/Textures/Weapons/Striped/T_WEP_Striped_011_D.png
  artifactKey: Guid(c442e168acd973a41b8126efdef15406) Importer(815301076,1909f56bfc062723c751e8b465ee728b)
Start importing Assets/Infima Games/Low Poly Shooter Pack/Art/Textures/Weapons/Striped/T_WEP_Striped_011_D.png using Guid(c442e168acd973a41b8126efdef15406) Importer(815301076,1909f56bfc062723c751e8b465ee728b)  -> (artifact id: 'e7a62def8ad344087177a1afbe7f1532') in 0.019189 seconds 
========================================================================
Received Import Request.
  Time since last request: 0.000020 seconds.
  path: Assets/Infima Games/Low Poly Shooter Pack/Art/Textures/Weapons/Striped/T_WEP_Striped_003_D.png
  artifactKey: Guid(5cb87609b48dbd1419594333faeaf3bf) Importer(815301076,1909f56bfc062723c751e8b465ee728b)
Start importing Assets/Infima Games/Low Poly Shooter Pack/Art/Textures/Weapons/Striped/T_WEP_Striped_003_D.png using Guid(5cb87609b48dbd1419594333faeaf3bf) Importer(815301076,1909f56bfc062723c751e8b465ee728b)  -> (artifact id: 'a4d4117bdbaa009f82ed53b1ca279bc3') in 0.019224 seconds 
========================================================================
Received Import Request.
  Time since last request: 0.000020 seconds.
  path: Assets/Infima Games/Low Poly Shooter Pack/Art/Textures/Weapons/Striped/T_WEP_Striped_014_R.png
  artifactKey: Guid(071091dc8e0fc5442b46980a94d2cd43) Importer(815301076,1909f56bfc062723c751e8b465ee728b)
Start importing Assets/Infima Games/Low Poly Shooter Pack/Art/Textures/Weapons/Striped/T_WEP_Striped_014_R.png using Guid(071091dc8e0fc5442b46980a94d2cd43) Importer(815301076,1909f56bfc062723c751e8b465ee728b)  -> (artifact id: 'bea8052190988b844eedb169b0fda935') in 0.020819 seconds 
========================================================================
Received Import Request.
  Time since last request: 0.000017 seconds.
  path: Assets/Infima Games/Low Poly Shooter Pack/Art/Textures/Weapons/Striped/T_WEP_Striped_010_D.png
  artifactKey: Guid(e28400ed17310f344af7121ef91b94d9) Importer(815301076,1909f56bfc062723c751e8b465ee728b)
Start importing Assets/Infima Games/Low Poly Shooter Pack/Art/Textures/Weapons/Striped/T_WEP_Striped_010_D.png using Guid(e28400ed17310f344af7121ef91b94d9) Importer(815301076,1909f56bfc062723c751e8b465ee728b)  -> (artifact id: '19caa2f0b4b5fb17559865dd34ed2029') in 0.020250 seconds 
========================================================================
Received Import Request.
  Time since last request: 0.000016 seconds.
  path: Assets/Infima Games/Low Poly Shooter Pack/Art/Textures/Weapons/Striped/T_WEP_Striped_004_D.png
  artifactKey: Guid(c470ef3337d8fe14cb0514ad7fe7996a) Importer(815301076,1909f56bfc062723c751e8b465ee728b)
Start importing Assets/Infima Games/Low Poly Shooter Pack/Art/Textures/Weapons/Striped/T_WEP_Striped_004_D.png using Guid(c470ef3337d8fe14cb0514ad7fe7996a) Importer(815301076,1909f56bfc062723c751e8b465ee728b)  -> (artifact id: 'c41b2a0fab738193fcfee828e0f8ff23') in 0.019296 seconds 
========================================================================
Received Import Request.
  Time since last request: 0.000016 seconds.
  path: Assets/Infima Games/Low Poly Shooter Pack/Art/Textures/Weapons/Striped/T_WEP_Striped_013_D.png
  artifactKey: Guid(676e00831a784e14e955956bf376c635) Importer(815301076,1909f56bfc062723c751e8b465ee728b)
Start importing Assets/Infima Games/Low Poly Shooter Pack/Art/Textures/Weapons/Striped/T_WEP_Striped_013_D.png using Guid(676e00831a784e14e955956bf376c635) Importer(815301076,1909f56bfc062723c751e8b465ee728b)  -> (artifact id: '1aa1bfbc4f99e875f402bd7c1de129dd') in 0.018788 seconds 
========================================================================
Received Import Request.
  Time since last request: 0.000014 seconds.
  path: Assets/Infima Games/Low Poly Shooter Pack/Art/Textures/Weapons/Striped/T_WEP_Striped_009_D.png
  artifactKey: Guid(1fc872e96e0230f418fae3802cb00c5c) Importer(815301076,1909f56bfc062723c751e8b465ee728b)
Start importing Assets/Infima Games/Low Poly Shooter Pack/Art/Textures/Weapons/Striped/T_WEP_Striped_009_D.png using Guid(1fc872e96e0230f418fae3802cb00c5c) Importer(815301076,1909f56bfc062723c751e8b465ee728b)  -> (artifact id: 'a6d67630f7ba7921363f317905cf2d9d') in 0.018543 seconds 
========================================================================
Received Import Request.
  Time since last request: 0.000017 seconds.
  path: Assets/Infima Games/Low Poly Shooter Pack/Art/Textures/Weapons/Striped/T_WEP_Striped_007_R.png
  artifactKey: Guid(8271dd62fb84d9342b84fc0360470b70) Importer(815301076,1909f56bfc062723c751e8b465ee728b)
Start importing Assets/Infima Games/Low Poly Shooter Pack/Art/Textures/Weapons/Striped/T_WEP_Striped_007_R.png using Guid(8271dd62fb84d9342b84fc0360470b70) Importer(815301076,1909f56bfc062723c751e8b465ee728b)  -> (artifact id: 'a190e3ec04ce919f252fee85a73ddeaa') in 0.013949 seconds 
========================================================================
Received Import Request.
  Time since last request: 0.000013 seconds.
  path: Assets/Infima Games/Low Poly Shooter Pack/Art/Textures/Weapons/Striped/T_WEP_Striped_004_R.png
  artifactKey: Guid(2a79a4ac28b043a47b20458426c9258b) Importer(815301076,1909f56bfc062723c751e8b465ee728b)
Start importing Assets/Infima Games/Low Poly Shooter Pack/Art/Textures/Weapons/Striped/T_WEP_Striped_004_R.png using Guid(2a79a4ac28b043a47b20458426c9258b) Importer(815301076,1909f56bfc062723c751e8b465ee728b)  -> (artifact id: 'f0410068e515544ec59d40e6b849f784') in 0.019114 seconds 
========================================================================
Received Import Request.
  Time since last request: 0.000018 seconds.
  path: Assets/Infima Games/Low Poly Shooter Pack/Art/Textures/Weapons/Skulls/T_WEP_Skulls_004_D.png
  artifactKey: Guid(67a4b3860845eb1499cfb71255068f65) Importer(815301076,1909f56bfc062723c751e8b465ee728b)
Start importing Assets/Infima Games/Low Poly Shooter Pack/Art/Textures/Weapons/Skulls/T_WEP_Skulls_004_D.png using Guid(67a4b3860845eb1499cfb71255068f65) Importer(815301076,1909f56bfc062723c751e8b465ee728b)  -> (artifact id: 'd678b02064659c91d0823cbcc6fcc758') in 0.019824 seconds 
========================================================================
Received Import Request.
  Time since last request: 0.000019 seconds.
  path: Assets/Infima Games/Low Poly Shooter Pack/Art/Textures/Weapons/Skulls/T_WEP_Skulls_009_D.png
  artifactKey: Guid(4d2ade88f2444b546b6620de09ddaa07) Importer(815301076,1909f56bfc062723c751e8b465ee728b)
Start importing Assets/Infima Games/Low Poly Shooter Pack/Art/Textures/Weapons/Skulls/T_WEP_Skulls_009_D.png using Guid(4d2ade88f2444b546b6620de09ddaa07) Importer(815301076,1909f56bfc062723c751e8b465ee728b)  -> (artifact id: '78b58e117e3029e7bfa4d3b607dbcd0b') in 0.020199 seconds 
========================================================================
Received Import Request.
  Time since last request: 0.000024 seconds.
  path: Assets/Infima Games/Low Poly Shooter Pack/Art/Textures/Weapons/Skulls/T_WEP_Skulls_013_D.png
  artifactKey: Guid(1df704f61dc9d9a4897c384e2bdfa668) Importer(815301076,1909f56bfc062723c751e8b465ee728b)
Start importing Assets/Infima Games/Low Poly Shooter Pack/Art/Textures/Weapons/Skulls/T_WEP_Skulls_013_D.png using Guid(1df704f61dc9d9a4897c384e2bdfa668) Importer(815301076,1909f56bfc062723c751e8b465ee728b)  -> (artifact id: '7dea5fc6906627682657e06e75eddf6d') in 0.020320 seconds 
========================================================================
Received Import Request.
  Time since last request: 0.000015 seconds.
  path: Assets/Infima Games/Low Poly Shooter Pack/Art/Textures/Weapons/Skulls/T_WEP_Skulls_014_D.png
  artifactKey: Guid(bd7d86ad4e36ea64d9e085f00dce883c) Importer(815301076,1909f56bfc062723c751e8b465ee728b)
Start importing Assets/Infima Games/Low Poly Shooter Pack/Art/Textures/Weapons/Skulls/T_WEP_Skulls_014_D.png using Guid(bd7d86ad4e36ea64d9e085f00dce883c) Importer(815301076,1909f56bfc062723c751e8b465ee728b)  -> (artifact id: '5df0e6f6cdba79aa5a62f4000fa02296') in 0.020253 seconds 
========================================================================
Received Import Request.
  Time since last request: 0.000013 seconds.
  path: Assets/Infima Games/Low Poly Shooter Pack/Art/Textures/Weapons/Skulls/T_WEP_Skulls_R.png
  artifactKey: Guid(9765da1b5d82af74abf12586193c51d6) Importer(815301076,1909f56bfc062723c751e8b465ee728b)
Start importing Assets/Infima Games/Low Poly Shooter Pack/Art/Textures/Weapons/Skulls/T_WEP_Skulls_R.png using Guid(9765da1b5d82af74abf12586193c51d6) Importer(815301076,1909f56bfc062723c751e8b465ee728b)  -> (artifact id: '6454dd661404d1be85ba820d9064e73b') in 0.015265 seconds 
========================================================================
Received Import Request.
  Time since last request: 0.000018 seconds.
  path: Assets/Infima Games/Low Poly Shooter Pack/Art/Textures/Weapons/Skulls/T_WEP_Skulls_006_D.png
  artifactKey: Guid(a4c9c4748170a924aa2fc2a022b05ac4) Importer(815301076,1909f56bfc062723c751e8b465ee728b)
Start importing Assets/Infima Games/Low Poly Shooter Pack/Art/Textures/Weapons/Skulls/T_WEP_Skulls_006_D.png using Guid(a4c9c4748170a924aa2fc2a022b05ac4) Importer(815301076,1909f56bfc062723c751e8b465ee728b)  -> (artifact id: 'fcdbd811cd6baaf6bb65a3d1975d1844') in 0.014874 seconds 
========================================================================
Received Import Request.
  Time since last request: 0.000014 seconds.
  path: Assets/Infima Games/Low Poly Shooter Pack/Art/Textures/Weapons/Skulls/T_WEP_Skulls_001_D.png
  artifactKey: Guid(c01a1c7d4217f6e4f9faf04ff1754d69) Importer(815301076,1909f56bfc062723c751e8b465ee728b)
Start importing Assets/Infima Games/Low Poly Shooter Pack/Art/Textures/Weapons/Skulls/T_WEP_Skulls_001_D.png using Guid(c01a1c7d4217f6e4f9faf04ff1754d69) Importer(815301076,1909f56bfc062723c751e8b465ee728b)  -> (artifact id: 'cf7cb558357b3b53e3727997761ca241') in 0.020401 seconds 
========================================================================
Received Import Request.
  Time since last request: 0.000014 seconds.
  path: Assets/Infima Games/Low Poly Shooter Pack/Art/Textures/Weapons/Skulls/T_WEP_Skulls_N.png
  artifactKey: Guid(1e5a3a452e7269f4f8fe46247ccb5c6a) Importer(815301076,1909f56bfc062723c751e8b465ee728b)
Start importing Assets/Infima Games/Low Poly Shooter Pack/Art/Textures/Weapons/Skulls/T_WEP_Skulls_N.png using Guid(1e5a3a452e7269f4f8fe46247ccb5c6a) Importer(815301076,1909f56bfc062723c751e8b465ee728b)  -> (artifact id: '20edb7df8e3335cf602e288ca3f780e2') in 0.019869 seconds 
========================================================================
Received Import Request.
  Time since last request: 0.000013 seconds.
  path: Assets/Infima Games/Low Poly Shooter Pack/Art/Textures/Weapons/Skulls/T_WEP_Skulls_002_D.png
  artifactKey: Guid(ba3a12d85dabc93419b0fc5b4fb15a80) Importer(815301076,1909f56bfc062723c751e8b465ee728b)
Start importing Assets/Infima Games/Low Poly Shooter Pack/Art/Textures/Weapons/Skulls/T_WEP_Skulls_002_D.png using Guid(ba3a12d85dabc93419b0fc5b4fb15a80) Importer(815301076,1909f56bfc062723c751e8b465ee728b)  -> (artifact id: 'bd3564c206064788baa64a1df96bd45c') in 0.019691 seconds 
========================================================================
Received Import Request.
  Time since last request: 0.000013 seconds.
  path: Assets/Infima Games/Low Poly Shooter Pack/Art/Textures/Weapons/Skulls/T_WEP_Skulls_011_D.png
  artifactKey: Guid(0e100e3571a9619488b627756ff9a3b1) Importer(815301076,1909f56bfc062723c751e8b465ee728b)
Start importing Assets/Infima Games/Low Poly Shooter Pack/Art/Textures/Weapons/Skulls/T_WEP_Skulls_011_D.png using Guid(0e100e3571a9619488b627756ff9a3b1) Importer(815301076,1909f56bfc062723c751e8b465ee728b)  -> (artifact id: '805b4f859a9665e51b6c9fc490a10690') in 0.019172 seconds 
========================================================================
Received Import Request.
  Time since last request: 0.000015 seconds.
  path: Assets/Infima Games/Low Poly Shooter Pack/Art/Textures/Weapons/Skulls/T_WEP_Skulls_008_D.png
  artifactKey: Guid(ed84dbd8c6f682f4f87fb95877503001) Importer(815301076,1909f56bfc062723c751e8b465ee728b)
Start importing Assets/Infima Games/Low Poly Shooter Pack/Art/Textures/Weapons/Skulls/T_WEP_Skulls_008_D.png using Guid(ed84dbd8c6f682f4f87fb95877503001) Importer(815301076,1909f56bfc062723c751e8b465ee728b)  -> (artifact id: '7c158fbd4d5153362c47b478e222b65c') in 0.021074 seconds 
========================================================================
Received Import Request.
  Time since last request: 0.000020 seconds.
  path: Assets/Infima Games/Low Poly Shooter Pack/Art/Textures/Weapons/Skulls/T_WEP_Skulls_007_D.png
  artifactKey: Guid(d0b0c290cc7a075499805b6885251fee) Importer(815301076,1909f56bfc062723c751e8b465ee728b)
Start importing Assets/Infima Games/Low Poly Shooter Pack/Art/Textures/Weapons/Skulls/T_WEP_Skulls_007_D.png using Guid(d0b0c290cc7a075499805b6885251fee) Importer(815301076,1909f56bfc062723c751e8b465ee728b)  -> (artifact id: 'e110ac6cf82825bf85171e6ec7d11299') in 0.019799 seconds 
========================================================================
Received Import Request.
  Time since last request: 0.000025 seconds.
  path: Assets/Infima Games/Low Poly Shooter Pack/Art/Textures/Weapons/Skulls/T_WEP_Skulls_015_D.png
  artifactKey: Guid(2d65bd26a6c177e47831520e25e398a3) Importer(815301076,1909f56bfc062723c751e8b465ee728b)
Start importing Assets/Infima Games/Low Poly Shooter Pack/Art/Textures/Weapons/Skulls/T_WEP_Skulls_015_D.png using Guid(2d65bd26a6c177e47831520e25e398a3) Importer(815301076,1909f56bfc062723c751e8b465ee728b)  -> (artifact id: '061b0ea626f8044e868f1e65c3544ce5') in 0.019306 seconds 
========================================================================
Received Import Request.
  Time since last request: 0.000014 seconds.
  path: Assets/Infima Games/Low Poly Shooter Pack/Art/Textures/Weapons/Skulls/T_WEP_Skulls_010_D.png
  artifactKey: Guid(d6854dfffa17bf84ca8d1ea20779e605) Importer(815301076,1909f56bfc062723c751e8b465ee728b)
Start importing Assets/Infima Games/Low Poly Shooter Pack/Art/Textures/Weapons/Skulls/T_WEP_Skulls_010_D.png using Guid(d6854dfffa17bf84ca8d1ea20779e605) Importer(815301076,1909f56bfc062723c751e8b465ee728b)  -> (artifact id: '64259de7dd3d85091fb210c29d419c42') in 0.019970 seconds 
========================================================================
Received Import Request.
  Time since last request: 0.000019 seconds.
  path: Assets/Infima Games/Low Poly Shooter Pack/Art/Textures/Weapons/Striped/T_WEP_Striped_011_R.png
  artifactKey: Guid(42f20c5813e7ee0479ceec1183aed8c9) Importer(815301076,1909f56bfc062723c751e8b465ee728b)
Start importing Assets/Infima Games/Low Poly Shooter Pack/Art/Textures/Weapons/Striped/T_WEP_Striped_011_R.png using Guid(42f20c5813e7ee0479ceec1183aed8c9) Importer(815301076,1909f56bfc062723c751e8b465ee728b)  -> (artifact id: 'b57d71116e0cf84a6c851e5789cf2c9e') in 0.017905 seconds 
========================================================================
Received Import Request.
  Time since last request: 0.000018 seconds.
  path: Assets/Infima Games/Low Poly Shooter Pack/Art/Textures/Weapons/Striped/T_WEP_Striped_003_R.png
  artifactKey: Guid(ce7d78f1251f9a34f9a12ce185331b2c) Importer(815301076,1909f56bfc062723c751e8b465ee728b)
Start importing Assets/Infima Games/Low Poly Shooter Pack/Art/Textures/Weapons/Striped/T_WEP_Striped_003_R.png using Guid(ce7d78f1251f9a34f9a12ce185331b2c) Importer(815301076,1909f56bfc062723c751e8b465ee728b)  -> (artifact id: '5105337feb826777f455087590119801') in 0.019927 seconds 
========================================================================
Received Import Request.
  Time since last request: 0.000015 seconds.
  path: Assets/Infima Games/Low Poly Shooter Pack/Art/Textures/Weapons/Striped/T_WEP_Striped_010_R.png
  artifactKey: Guid(c79d6275ef5464643928de9c37199aa7) Importer(815301076,1909f56bfc062723c751e8b465ee728b)
Start importing Assets/Infima Games/Low Poly Shooter Pack/Art/Textures/Weapons/Striped/T_WEP_Striped_010_R.png using Guid(c79d6275ef5464643928de9c37199aa7) Importer(815301076,1909f56bfc062723c751e8b465ee728b)  -> (artifact id: '37df7b6754b789d0219ec477019b3cda') in 0.019866 seconds 
========================================================================
Received Import Request.
  Time since last request: 0.000013 seconds.
  path: Assets/Infima Games/Low Poly Shooter Pack/Art/Textures/Weapons/Striped/T_WEP_Striped_013_R.png
  artifactKey: Guid(f8d9348805029e0408befde08fef58bb) Importer(815301076,1909f56bfc062723c751e8b465ee728b)
Start importing Assets/Infima Games/Low Poly Shooter Pack/Art/Textures/Weapons/Striped/T_WEP_Striped_013_R.png using Guid(f8d9348805029e0408befde08fef58bb) Importer(815301076,1909f56bfc062723c751e8b465ee728b)  -> (artifact id: '81c9826807f3f34f80ac00da41033ec5') in 0.020379 seconds 
========================================================================
Received Import Request.
  Time since last request: 0.000019 seconds.
  path: Assets/Infima Games/Low Poly Shooter Pack/Art/Textures/Weapons/Skulls/T_WEP_Skulls_003_D.png
  artifactKey: Guid(79f3734fea775f64cae225165fef0c79) Importer(815301076,1909f56bfc062723c751e8b465ee728b)
Start importing Assets/Infima Games/Low Poly Shooter Pack/Art/Textures/Weapons/Skulls/T_WEP_Skulls_003_D.png using Guid(79f3734fea775f64cae225165fef0c79) Importer(815301076,1909f56bfc062723c751e8b465ee728b)  -> (artifact id: '528ab2d9228a8c426248f3707b269baa') in 0.020212 seconds 
========================================================================
Received Import Request.
  Time since last request: 0.000014 seconds.
  path: Assets/Infima Games/Low Poly Shooter Pack/Art/Textures/Weapons/Striped/T_WEP_Striped_001_R.png
  artifactKey: Guid(68e21d21945a4cb4ea07fa3c68ddd1be) Importer(815301076,1909f56bfc062723c751e8b465ee728b)
Start importing Assets/Infima Games/Low Poly Shooter Pack/Art/Textures/Weapons/Striped/T_WEP_Striped_001_R.png using Guid(68e21d21945a4cb4ea07fa3c68ddd1be) Importer(815301076,1909f56bfc062723c751e8b465ee728b)  -> (artifact id: 'fc558200e184aed828ab4b7daaa92354') in 0.018636 seconds 
========================================================================
Received Import Request.
  Time since last request: 0.000015 seconds.
  path: Assets/Infima Games/Low Poly Shooter Pack/Art/Textures/Weapons/Skulls/T_WEP_Skulls_005_D.png
  artifactKey: Guid(7b09b47aea8232c4f98964f0434625bf) Importer(815301076,1909f56bfc062723c751e8b465ee728b)
Start importing Assets/Infima Games/Low Poly Shooter Pack/Art/Textures/Weapons/Skulls/T_WEP_Skulls_005_D.png using Guid(7b09b47aea8232c4f98964f0434625bf) Importer(815301076,1909f56bfc062723c751e8b465ee728b)  -> (artifact id: 'bf1f6541b5af716f36db8144f95ff2c1') in 0.019584 seconds 
========================================================================
Received Import Request.
  Time since last request: 0.000027 seconds.
  path: Assets/Infima Games/Low Poly Shooter Pack/Art/Textures/Weapons/Skulls/T_WEP_Skulls_012_D.png
  artifactKey: Guid(15c90b55f0daee04badf9d81dafa40e3) Importer(815301076,1909f56bfc062723c751e8b465ee728b)
Start importing Assets/Infima Games/Low Poly Shooter Pack/Art/Textures/Weapons/Skulls/T_WEP_Skulls_012_D.png using Guid(15c90b55f0daee04badf9d81dafa40e3) Importer(815301076,1909f56bfc062723c751e8b465ee728b)  -> (artifact id: 'c201372cf14bb529608de8d12607f7cd') in 0.013744 seconds 
========================================================================
Received Prepare
Registering precompiled user dll's ...
Registered in 0.007253 seconds.
Begin MonoManager ReloadAssembly
Symbol file LoadedFromMemory doesn't match image C:\Users\Mikhail\Desktop\Unity\Sci-Fi-Shooter-2\Sci-Fi-Shooter-2\Library\PackageCache\com.unity.visualscripting@1.8.0\Editor\VisualScripting.Core\Dependencies\YamlDotNet\Unity.VisualScripting.YamlDotNet.dll
Symbol file LoadedFromMemory doesn't match image C:\Users\Mikhail\Desktop\Unity\Sci-Fi-Shooter-2\Sci-Fi-Shooter-2\Library\PackageCache\com.unity.visualscripting@1.8.0\Editor\VisualScripting.Core\Dependencies\DotNetZip\Unity.VisualScripting.IonicZip.dll
Native extension for WindowsStandalone target not found
Native extension for WebGL target not found
Refreshing native plugins compatible for Editor in 2.00 ms, found 3 plugins.
Preloading 0 native plugins for Editor in 0.00 ms.
Mono: successfully reloaded assembly
- Completed reload, in  1.106 seconds
Domain Reload Profiling:
	ReloadAssembly (1106ms)
		BeginReloadAssembly (134ms)
			ExecutionOrderSort (0ms)
			DisableScriptedObjects (5ms)
			BackupInstance (0ms)
			ReleaseScriptingObjects (0ms)
			CreateAndSetChildDomain (37ms)
		EndReloadAssembly (876ms)
			LoadAssemblies (88ms)
			RebuildTransferFunctionScriptingTraits (0ms)
			SetupTypeCache (276ms)
			ReleaseScriptCaches (1ms)
			RebuildScriptCaches (36ms)
			SetupLoadedEditorAssemblies (434ms)
				LogAssemblyErrors (0ms)
				InitializePlatformSupportModulesInManaged (12ms)
				SetLoadedEditorAssemblies (0ms)
				RefreshPlugins (2ms)
				BeforeProcessingInitializeOnLoad (75ms)
				ProcessInitializeOnLoadAttributes (215ms)
				ProcessInitializeOnLoadMethodAttributes (123ms)
				AfterProcessingInitializeOnLoad (7ms)
				EditorAssembliesLoaded (0ms)
			ExecutionOrderSort2 (0ms)
			AwakeInstancesAfterBackupRestoration (5ms)
Platform modules already initialized, skipping
Refreshing native plugins compatible for Editor in 3.96 ms, found 3 plugins.
Preloading 0 native plugins for Editor in 0.00 ms.
Unloading 4771 Unused Serialized files (Serialized files now loaded: 0)
Unloading 31 unused Assets / (25.7 KB). Loaded Objects now: 5326.
Memory consumption went from 295.5 MB to 295.4 MB.
Total: 3.574300 ms (FindLiveObjects: 0.305100 ms CreateObjectMapping: 0.227400 ms MarkObjects: 2.994400 ms  DeleteObjects: 0.046600 ms)

AssetImportParameters requested are different than current active one (requested -> active):
  custom:video-decoder-ogg-theora: a1e56fd34408186e4bbccfd4996cb3dc -> 
  custom:container-muxer-webm: aa71ff27fc2769a1b78a27578f13a17b -> 
  custom:container-demuxer-webm: 4f35f7cbe854078d1ac9338744f61a02 -> 
  custom:video-encoder-webm-vp8: eb34c28f22e8b96e1ab97ce403110664 -> 
  custom:audio-encoder-webm-vorbis: bf7c407c2cedff20999df2af8eb42d56 -> 
  custom:framework-win-MediaFoundation: 216162199b28c13a410421893ffa2e32 -> 
  custom:container-demuxer-ogg: 62fdf1f143b41e24485cea50d1cbac27 -> 
  custom:video-decoder-webm-vp8: 9c59270c3fd7afecdb556c50c9e8de78 -> 
  custom:audio-decoder-ogg-vorbis: bf7c407c2cedff20999df2af8eb42d56 -> 
========================================================================
Received Import Request.
  Time since last request: 172.664471 seconds.
  path: Assets/Characters/Bot/Prefabs/Ranger_1.prefab
  artifactKey: Guid(59f519ae4f2801d4889cd8b05b1fac95) Importer(815301076,1909f56bfc062723c751e8b465ee728b)
Start importing Assets/Characters/Bot/Prefabs/Ranger_1.prefab using Guid(59f519ae4f2801d4889cd8b05b1fac95) Importer(815301076,1909f56bfc062723c751e8b465ee728b)  -> (artifact id: 'f246fc4f7076a945faf70fdfcdcc9465') in 0.083133 seconds 
========================================================================
Received Import Request.
  Time since last request: 0.000025 seconds.
  path: Assets/Characters/Bot/Prefabs/Sniper.prefab
  artifactKey: Guid(e1dd0888f364bfc45a0b878215c8e77c) Importer(815301076,1909f56bfc062723c751e8b465ee728b)
Start importing Assets/Characters/Bot/Prefabs/Sniper.prefab using Guid(e1dd0888f364bfc45a0b878215c8e77c) Importer(815301076,1909f56bfc062723c751e8b465ee728b)  -> (artifact id: '7eb998bed3e5d1fe7f96c91bdf53dc7b') in 0.049833 seconds 
========================================================================
Received Import Request.
  Time since last request: 0.000026 seconds.
  path: Assets/Characters/Bot/Prefabs/Ranger_2.prefab
  artifactKey: Guid(a9912cf1432b0f04988b7d3983dd617b) Importer(815301076,1909f56bfc062723c751e8b465ee728b)
Start importing Assets/Characters/Bot/Prefabs/Ranger_2.prefab using Guid(a9912cf1432b0f04988b7d3983dd617b) Importer(815301076,1909f56bfc062723c751e8b465ee728b)  -> (artifact id: 'cb25612e3a4eba2acf81cc2a4e014884') in 0.021607 seconds 
========================================================================
Received Import Request.
  Time since last request: 38.487026 seconds.
  path: Assets/Characters/Bot/Prefabs/Ranger_1.prefab
  artifactKey: Guid(59f519ae4f2801d4889cd8b05b1fac95) Importer(815301076,1909f56bfc062723c751e8b465ee728b)
Start importing Assets/Characters/Bot/Prefabs/Ranger_1.prefab using Guid(59f519ae4f2801d4889cd8b05b1fac95) Importer(815301076,1909f56bfc062723c751e8b465ee728b)  -> (artifact id: '87203cef135fcd7b9caa8d3a94150197') in 0.023575 seconds 
========================================================================
Received Import Request.
  Time since last request: 0.000023 seconds.
  path: Assets/Characters/Bot/Prefabs/Sniper.prefab
  artifactKey: Guid(e1dd0888f364bfc45a0b878215c8e77c) Importer(815301076,1909f56bfc062723c751e8b465ee728b)
Start importing Assets/Characters/Bot/Prefabs/Sniper.prefab using Guid(e1dd0888f364bfc45a0b878215c8e77c) Importer(815301076,1909f56bfc062723c751e8b465ee728b)  -> (artifact id: '38c5931b2f68cf1eb8221dbc2340310a') in 0.056046 seconds 
========================================================================
Received Import Request.
  Time since last request: 0.000019 seconds.
  path: Assets/Characters/Bot/Prefabs/Ranger_2.prefab
  artifactKey: Guid(a9912cf1432b0f04988b7d3983dd617b) Importer(815301076,1909f56bfc062723c751e8b465ee728b)
Start importing Assets/Characters/Bot/Prefabs/Ranger_2.prefab using Guid(a9912cf1432b0f04988b7d3983dd617b) Importer(815301076,1909f56bfc062723c751e8b465ee728b)  -> (artifact id: '2db2c852c068855f5f009e778913241c') in 0.036526 seconds 
========================================================================
Received Prepare
Registering precompiled user dll's ...
Registered in 0.007724 seconds.
Begin MonoManager ReloadAssembly
Symbol file LoadedFromMemory doesn't match image C:\Users\Mikhail\Desktop\Unity\Sci-Fi-Shooter-2\Sci-Fi-Shooter-2\Library\PackageCache\com.unity.visualscripting@1.8.0\Editor\VisualScripting.Core\Dependencies\YamlDotNet\Unity.VisualScripting.YamlDotNet.dll
Symbol file LoadedFromMemory doesn't match image C:\Users\Mikhail\Desktop\Unity\Sci-Fi-Shooter-2\Sci-Fi-Shooter-2\Library\PackageCache\com.unity.visualscripting@1.8.0\Editor\VisualScripting.Core\Dependencies\DotNetZip\Unity.VisualScripting.IonicZip.dll
Native extension for WindowsStandalone target not found
Native extension for WebGL target not found
Refreshing native plugins compatible for Editor in 2.01 ms, found 3 plugins.
Preloading 0 native plugins for Editor in 0.00 ms.
Mono: successfully reloaded assembly
- Completed reload, in  1.101 seconds
Domain Reload Profiling:
	ReloadAssembly (1102ms)
		BeginReloadAssembly (130ms)
			ExecutionOrderSort (0ms)
			DisableScriptedObjects (4ms)
			BackupInstance (0ms)
			ReleaseScriptingObjects (0ms)
			CreateAndSetChildDomain (42ms)
		EndReloadAssembly (874ms)
			LoadAssemblies (82ms)
			RebuildTransferFunctionScriptingTraits (0ms)
			SetupTypeCache (273ms)
			ReleaseScriptCaches (1ms)
			RebuildScriptCaches (37ms)
			SetupLoadedEditorAssemblies (433ms)
				LogAssemblyErrors (0ms)
				InitializePlatformSupportModulesInManaged (12ms)
				SetLoadedEditorAssemblies (0ms)
				RefreshPlugins (2ms)
				BeforeProcessingInitializeOnLoad (75ms)
				ProcessInitializeOnLoadAttributes (216ms)
				ProcessInitializeOnLoadMethodAttributes (120ms)
				AfterProcessingInitializeOnLoad (7ms)
				EditorAssembliesLoaded (0ms)
			ExecutionOrderSort2 (0ms)
			AwakeInstancesAfterBackupRestoration (5ms)
Platform modules already initialized, skipping
Refreshing native plugins compatible for Editor in 3.98 ms, found 3 plugins.
Preloading 0 native plugins for Editor in 0.00 ms.
Unloading 4771 Unused Serialized files (Serialized files now loaded: 0)
Unloading 31 unused Assets / (24.6 KB). Loaded Objects now: 5329.
Memory consumption went from 295.3 MB to 295.3 MB.
Total: 3.292100 ms (FindLiveObjects: 0.363100 ms CreateObjectMapping: 0.322300 ms MarkObjects: 2.570000 ms  DeleteObjects: 0.035900 ms)

AssetImportParameters requested are different than current active one (requested -> active):
  custom:video-decoder-ogg-theora: a1e56fd34408186e4bbccfd4996cb3dc -> 
  custom:container-muxer-webm: aa71ff27fc2769a1b78a27578f13a17b -> 
  custom:container-demuxer-webm: 4f35f7cbe854078d1ac9338744f61a02 -> 
  custom:video-encoder-webm-vp8: eb34c28f22e8b96e1ab97ce403110664 -> 
  custom:audio-encoder-webm-vorbis: bf7c407c2cedff20999df2af8eb42d56 -> 
  custom:framework-win-MediaFoundation: 216162199b28c13a410421893ffa2e32 -> 
  custom:container-demuxer-ogg: 62fdf1f143b41e24485cea50d1cbac27 -> 
  custom:video-decoder-webm-vp8: 9c59270c3fd7afecdb556c50c9e8de78 -> 
  custom:audio-decoder-ogg-vorbis: bf7c407c2cedff20999df2af8eb42d56 -> 
========================================================================
Received Prepare
Registering precompiled user dll's ...
Registered in 0.007351 seconds.
Begin MonoManager ReloadAssembly
Symbol file LoadedFromMemory doesn't match image C:\Users\Mikhail\Desktop\Unity\Sci-Fi-Shooter-2\Sci-Fi-Shooter-2\Library\PackageCache\com.unity.visualscripting@1.8.0\Editor\VisualScripting.Core\Dependencies\YamlDotNet\Unity.VisualScripting.YamlDotNet.dll
Symbol file LoadedFromMemory doesn't match image C:\Users\Mikhail\Desktop\Unity\Sci-Fi-Shooter-2\Sci-Fi-Shooter-2\Library\PackageCache\com.unity.visualscripting@1.8.0\Editor\VisualScripting.Core\Dependencies\DotNetZip\Unity.VisualScripting.IonicZip.dll
Native extension for WindowsStandalone target not found
Native extension for WebGL target not found
Refreshing native plugins compatible for Editor in 2.28 ms, found 3 plugins.
Preloading 0 native plugins for Editor in 0.00 ms.
Mono: successfully reloaded assembly
- Completed reload, in  1.151 seconds
Domain Reload Profiling:
	ReloadAssembly (1152ms)
		BeginReloadAssembly (123ms)
			ExecutionOrderSort (0ms)
			DisableScriptedObjects (7ms)
			BackupInstance (0ms)
			ReleaseScriptingObjects (0ms)
			CreateAndSetChildDomain (32ms)
		EndReloadAssembly (935ms)
			LoadAssemblies (81ms)
			RebuildTransferFunctionScriptingTraits (0ms)
			SetupTypeCache (272ms)
			ReleaseScriptCaches (1ms)
			RebuildScriptCaches (37ms)
			SetupLoadedEditorAssemblies (495ms)
				LogAssemblyErrors (0ms)
				InitializePlatformSupportModulesInManaged (13ms)
				SetLoadedEditorAssemblies (0ms)
				RefreshPlugins (2ms)
				BeforeProcessingInitializeOnLoad (80ms)
				ProcessInitializeOnLoadAttributes (250ms)
				ProcessInitializeOnLoadMethodAttributes (142ms)
				AfterProcessingInitializeOnLoad (7ms)
				EditorAssembliesLoaded (0ms)
			ExecutionOrderSort2 (0ms)
			AwakeInstancesAfterBackupRestoration (6ms)
Platform modules already initialized, skipping
Refreshing native plugins compatible for Editor in 4.10 ms, found 3 plugins.
Preloading 0 native plugins for Editor in 0.00 ms.
Unloading 4771 Unused Serialized files (Serialized files now loaded: 0)
Unloading 31 unused Assets / (25.7 KB). Loaded Objects now: 5332.
Memory consumption went from 295.5 MB to 295.5 MB.
Total: 3.213900 ms (FindLiveObjects: 0.328700 ms CreateObjectMapping: 0.280900 ms MarkObjects: 2.576100 ms  DeleteObjects: 0.027500 ms)

AssetImportParameters requested are different than current active one (requested -> active):
  custom:video-decoder-ogg-theora: a1e56fd34408186e4bbccfd4996cb3dc -> 
  custom:container-muxer-webm: aa71ff27fc2769a1b78a27578f13a17b -> 
  custom:container-demuxer-webm: 4f35f7cbe854078d1ac9338744f61a02 -> 
  custom:video-encoder-webm-vp8: eb34c28f22e8b96e1ab97ce403110664 -> 
  custom:audio-encoder-webm-vorbis: bf7c407c2cedff20999df2af8eb42d56 -> 
  custom:framework-win-MediaFoundation: 216162199b28c13a410421893ffa2e32 -> 
  custom:container-demuxer-ogg: 62fdf1f143b41e24485cea50d1cbac27 -> 
  custom:video-decoder-webm-vp8: 9c59270c3fd7afecdb556c50c9e8de78 -> 
  custom:audio-decoder-ogg-vorbis: bf7c407c2cedff20999df2af8eb42d56 -> 
========================================================================
Received Import Request.
  Time since last request: 148.260447 seconds.
  path: Assets/Characters/Bot/Prefabs/Ranger_1.prefab
  artifactKey: Guid(59f519ae4f2801d4889cd8b05b1fac95) Importer(815301076,1909f56bfc062723c751e8b465ee728b)
Start importing Assets/Characters/Bot/Prefabs/Ranger_1.prefab using Guid(59f519ae4f2801d4889cd8b05b1fac95) Importer(815301076,1909f56bfc062723c751e8b465ee728b)  -> (artifact id: '87acd52489f436c4ddd80b55327fc1e6') in 0.087864 seconds 
========================================================================
Received Import Request.
  Time since last request: 0.000026 seconds.
  path: Assets/Characters/Bot/Prefabs/Sniper.prefab
  artifactKey: Guid(e1dd0888f364bfc45a0b878215c8e77c) Importer(815301076,1909f56bfc062723c751e8b465ee728b)
Start importing Assets/Characters/Bot/Prefabs/Sniper.prefab using Guid(e1dd0888f364bfc45a0b878215c8e77c) Importer(815301076,1909f56bfc062723c751e8b465ee728b)  -> (artifact id: 'eeb4a55b132d5f5e1f35a2e1234cd117') in 0.048798 seconds 
========================================================================
Received Import Request.
  Time since last request: 0.000035 seconds.
  path: Assets/Characters/Bot/Prefabs/Ranger_2.prefab
  artifactKey: Guid(a9912cf1432b0f04988b7d3983dd617b) Importer(815301076,1909f56bfc062723c751e8b465ee728b)
Start importing Assets/Characters/Bot/Prefabs/Ranger_2.prefab using Guid(a9912cf1432b0f04988b7d3983dd617b) Importer(815301076,1909f56bfc062723c751e8b465ee728b)  -> (artifact id: 'a34bd743df98f30e4fd2bff49be87731') in 0.021902 seconds 
